INFO  time: initialize in 0.34s
WARN  no build tool detected in workspace 'D:\Coding\scala_vscode'. The most common cause for this problem is that the editor was opened in the wrong working directory, for example if you use sbt then the workspace directory should contain build.sbt. 
WARN  no build target: D:\Coding\scala_vscode\hello.scala
INFO  no build target: using presentation compiler with only scala-library
WARN  no build target: D:\Coding\scala_vscode\hello.scala
WARN  no build target: D:\Coding\scala_vscode\hello.scala
WARN  no build target: D:\Coding\scala_vscode\LongLines.scala
WARN  no build target: D:\Coding\scala_vscode\LongLines.scala
WARN  no build target: D:\Coding\scala_vscode\LongLines.scala
Downloading https://repo1.maven.org/maven2/org/scala-lang/scala-reflect/2.12.8/scala-reflect-2.12.8.pom
Downloading https://repo1.maven.org/maven2/org/scala-lang/scala-reflect/2.12.8/scala-reflect-2.12.8.pom.sha1
Downloading https://repo1.maven.org/maven2/org/scalameta/scalafmt-cli_2.12/2.0.1/scalafmt-cli_2.12-2.0.1.pom.sha1
Downloading https://repo1.maven.org/maven2/org/scalameta/scalafmt-cli_2.12/2.0.1/scalafmt-cli_2.12-2.0.1.pom
https://repo1.maven.org/maven2/org/scala-lang/scala-reflect/2.12.8/scala-refl・ 
https://repo1.maven.org/maven2/org/scala-lang/scala-reflect/2.12.8/scala-refl・ 
https://repo1.maven.org/maven2/org/scalameta/scalafmt-cli_2.12/2.0.1/scalafmt・ 
https://repo1.maven.org/maven2/org/scalameta/scalafmt-cli_2.12/2.0.1/scalafmt・ 

Downloaded https://repo1.maven.org/maven2/org/scalameta/scalafmt-cli_2.12/2.0.1/scalafmt-cli_2.12-2.0.1.pom.sha1
Downloaded https://repo1.maven.org/maven2/org/scala-lang/scala-reflect/2.12.8/scala-reflect-2.12.8.pom
Downloaded https://repo1.maven.org/maven2/org/scalameta/scalafmt-cli_2.12/2.0.1/scalafmt-cli_2.12-2.0.1.pom
Downloaded https://repo1.maven.org/maven2/org/scala-lang/scala-reflect/2.12.8/scala-reflect-2.12.8.pom.sha1
Downloading https://repo1.maven.org/maven2/org/scala-lang/scala-reflect/2.12.8/
Downloading https://repo1.maven.org/maven2/org/scalameta/scalafmt-cli_2.12/2.0.1/
Downloaded https://repo1.maven.org/maven2/org/scala-lang/scala-reflect/2.12.8/
Downloaded https://repo1.maven.org/maven2/org/scalameta/scalafmt-cli_2.12/2.0.1/
Downloading https://repo1.maven.org/maven2/org/scala-lang/scala-library/2.12.8/scala-library-2.12.8.pom
Downloading https://repo1.maven.org/maven2/org/scala-lang/scala-library/2.12.8/scala-library-2.12.8.pom.sha1
Downloading https://repo1.maven.org/maven2/com/googlecode/java-diff-utils/diffutils/1.3.0/diffutils-1.3.0.pom.sha1
Downloading https://repo1.maven.org/maven2/com/martiansoftware/nailgun-server/0.9.1/nailgun-server-0.9.1.pom
Downloading https://repo1.maven.org/maven2/com/martiansoftware/nailgun-server/0.9.1/nailgun-server-0.9.1.pom.sha1
Downloading https://repo1.maven.org/maven2/org/scalameta/scalafmt-dynamic_2.12/2.0.1/scalafmt-dynamic_2.12-2.0.1.pom.sha1
Downloaded https://repo1.maven.org/maven2/org/scala-lang/scala-library/2.12.8/scala-library-2.12.8.pom
Downloading https://repo1.maven.org/maven2/com/github/scopt/scopt_2.12/3.5.0/scopt_2.12-3.5.0.pom
Downloaded https://repo1.maven.org/maven2/org/scala-lang/scala-library/2.12.8/scala-library-2.12.8.pom.sha1
Downloading https://repo1.maven.org/maven2/com/github/scopt/scopt_2.12/3.5.0/scopt_2.12-3.5.0.pom.sha1
Downloaded https://repo1.maven.org/maven2/com/github/scopt/scopt_2.12/3.5.0/scopt_2.12-3.5.0.pom.sha1
Downloading https://repo1.maven.org/maven2/org/scalameta/scalafmt-core_2.12/2.0.1/scalafmt-core_2.12-2.0.1.pom
Downloaded https://repo1.maven.org/maven2/com/github/scopt/scopt_2.12/3.5.0/scopt_2.12-3.5.0.pom
Downloading https://repo1.maven.org/maven2/org/scalameta/scalafmt-core_2.12/2.0.1/scalafmt-core_2.12-2.0.1.pom.sha1
Downloaded https://repo1.maven.org/maven2/org/scalameta/scalafmt-dynamic_2.12/2.0.1/scalafmt-dynamic_2.12-2.0.1.pom.sha1
Downloading https://repo1.maven.org/maven2/org/scala-lang/modules/scala-xml_2.12/1.1.1/scala-xml_2.12-1.1.1.pom.sha1
Downloaded https://repo1.maven.org/maven2/com/googlecode/java-diff-utils/diffutils/1.3.0/diffutils-1.3.0.pom.sha1
Downloaded https://repo1.maven.org/maven2/com/martiansoftware/nailgun-server/0.9.1/nailgun-server-0.9.1.pom
Downloading https://repo1.maven.org/maven2/org/scala-lang/scala-library/2.12.8/
Downloading https://repo1.maven.org/maven2/com/googlecode/java-diff-utils/diffutils/1.3.0/
Downloaded https://repo1.maven.org/maven2/com/martiansoftware/nailgun-server/0.9.1/nailgun-server-0.9.1.pom.sha1
Downloading https://repo1.maven.org/maven2/org/scalameta/scalafmt-dynamic_2.12/2.0.1/
Downloaded https://repo1.maven.org/maven2/org/scalameta/scalafmt-core_2.12/2.0.1/scalafmt-core_2.12-2.0.1.pom
Downloading https://repo1.maven.org/maven2/com/github/scopt/scopt_2.12/3.5.0/
Downloaded https://repo1.maven.org/maven2/org/scalameta/scalafmt-core_2.12/2.0.1/scalafmt-core_2.12-2.0.1.pom.sha1
Downloading https://repo1.maven.org/maven2/com/martiansoftware/nailgun-server/0.9.1/
Downloaded https://repo1.maven.org/maven2/org/scala-lang/modules/scala-xml_2.12/1.1.1/scala-xml_2.12-1.1.1.pom.sha1
Downloading https://repo1.maven.org/maven2/org/scalameta/scalafmt-core_2.12/2.0.1/
Downloaded https://repo1.maven.org/maven2/org/scala-lang/scala-library/2.12.8/
Downloading https://repo1.maven.org/maven2/org/scala-lang/modules/scala-xml_2.12/1.1.1/
Downloaded https://repo1.maven.org/maven2/com/googlecode/java-diff-utils/diffutils/1.3.0/
Downloaded https://repo1.maven.org/maven2/org/scalameta/scalafmt-dynamic_2.12/2.0.1/
Downloaded https://repo1.maven.org/maven2/com/martiansoftware/nailgun-server/0.9.1/
Downloaded https://repo1.maven.org/maven2/com/github/scopt/scopt_2.12/3.5.0/
Downloaded https://repo1.maven.org/maven2/org/scalameta/scalafmt-core_2.12/2.0.1/
Downloaded https://repo1.maven.org/maven2/org/scala-lang/modules/scala-xml_2.12/1.1.1/
Downloading https://repo1.maven.org/maven2/com/martiansoftware/nailgun-all/0.9.1/nailgun-all-0.9.1.pom.sha1
Downloading https://repo1.maven.org/maven2/org/sonatype/oss/oss-parent/7/oss-parent-7.pom.sha1
Downloading https://repo1.maven.org/maven2/com/martiansoftware/nailgun-all/0.9.1/nailgun-all-0.9.1.pom
Downloaded https://repo1.maven.org/maven2/org/sonatype/oss/oss-parent/7/oss-parent-7.pom.sha1
Downloading https://repo1.maven.org/maven2/org/sonatype/oss/oss-parent/7/
Downloaded https://repo1.maven.org/maven2/com/martiansoftware/nailgun-all/0.9.1/nailgun-all-0.9.1.pom.sha1
Downloaded https://repo1.maven.org/maven2/com/martiansoftware/nailgun-all/0.9.1/nailgun-all-0.9.1.pom
Downloading https://repo1.maven.org/maven2/com/martiansoftware/nailgun-all/0.9.1/
Downloaded https://repo1.maven.org/maven2/org/sonatype/oss/oss-parent/7/
Downloaded https://repo1.maven.org/maven2/com/martiansoftware/nailgun-all/0.9.1/
Downloading https://repo1.maven.org/maven2/org/scalameta/scalafmt-interfaces/2.0.1/scalafmt-interfaces-2.0.1.pom.sha1
Downloading https://repo1.maven.org/maven2/com/typesafe/config/1.3.3/config-1.3.3.pom.sha1
Downloading https://repo1.maven.org/maven2/com/geirsson/metaconfig-core_2.12/0.8.3/metaconfig-core_2.12-0.8.3.pom
Downloading https://repo1.maven.org/maven2/com/geirsson/metaconfig-core_2.12/0.8.3/metaconfig-core_2.12-0.8.3.pom.sha1
Downloading https://repo1.maven.org/maven2/com/geirsson/metaconfig-typesafe-config_2.12/0.8.3/metaconfig-typesafe-config_2.12-0.8.3.pom
Downloading https://repo1.maven.org/maven2/com/geirsson/metaconfig-typesafe-config_2.12/0.8.3/metaconfig-typesafe-config_2.12-0.8.3.pom.sha1
Downloaded https://repo1.maven.org/maven2/org/scalameta/scalafmt-interfaces/2.0.1/scalafmt-interfaces-2.0.1.pom.sha1
Downloading https://repo1.maven.org/maven2/org/scalameta/scalameta_2.12/4.2.0/scalameta_2.12-4.2.0.pom.sha1
Downloaded https://repo1.maven.org/maven2/com/typesafe/config/1.3.3/config-1.3.3.pom.sha1
Downloading https://repo1.maven.org/maven2/org/scalameta/scalameta_2.12/4.2.0/scalameta_2.12-4.2.0.pom
Downloaded https://repo1.maven.org/maven2/com/geirsson/metaconfig-core_2.12/0.8.3/metaconfig-core_2.12-0.8.3.pom
Downloading https://repo1.maven.org/maven2/com/geirsson/coursier-small_2.12/1.3.1/coursier-small_2.12-1.3.1.pom
Downloaded https://repo1.maven.org/maven2/com/geirsson/metaconfig-core_2.12/0.8.3/metaconfig-core_2.12-0.8.3.pom.sha1
Downloading https://repo1.maven.org/maven2/com/geirsson/coursier-small_2.12/1.3.1/coursier-small_2.12-1.3.1.pom.sha1
Downloaded https://repo1.maven.org/maven2/com/geirsson/metaconfig-typesafe-config_2.12/0.8.3/metaconfig-typesafe-config_2.12-0.8.3.pom
Downloading https://repo1.maven.org/maven2/org/scalameta/scalafmt-interfaces/2.0.1/
Downloaded https://repo1.maven.org/maven2/org/scalameta/scalameta_2.12/4.2.0/scalameta_2.12-4.2.0.pom.sha1
Downloading https://repo1.maven.org/maven2/com/typesafe/config/1.3.3/
Downloaded https://repo1.maven.org/maven2/com/geirsson/coursier-small_2.12/1.3.1/coursier-small_2.12-1.3.1.pom
Downloading https://repo1.maven.org/maven2/com/geirsson/metaconfig-core_2.12/0.8.3/
Downloaded https://repo1.maven.org/maven2/org/scalameta/scalameta_2.12/4.2.0/scalameta_2.12-4.2.0.pom
Downloading https://repo1.maven.org/maven2/org/scalameta/scalameta_2.12/4.2.0/
Downloaded https://repo1.maven.org/maven2/com/geirsson/coursier-small_2.12/1.3.1/coursier-small_2.12-1.3.1.pom.sha1
Downloading https://repo1.maven.org/maven2/com/geirsson/coursier-small_2.12/1.3.1/
Downloaded https://repo1.maven.org/maven2/org/scalameta/scalafmt-interfaces/2.0.1/
Downloaded https://repo1.maven.org/maven2/com/geirsson/metaconfig-typesafe-config_2.12/0.8.3/metaconfig-typesafe-config_2.12-0.8.3.pom.sha1
Downloading https://repo1.maven.org/maven2/com/geirsson/metaconfig-typesafe-config_2.12/0.8.3/
Downloaded https://repo1.maven.org/maven2/com/typesafe/config/1.3.3/
Downloaded https://repo1.maven.org/maven2/com/geirsson/coursier-small_2.12/1.3.1/
Downloaded https://repo1.maven.org/maven2/com/geirsson/metaconfig-core_2.12/0.8.3/
Downloaded https://repo1.maven.org/maven2/org/scalameta/scalameta_2.12/4.2.0/
Downloaded https://repo1.maven.org/maven2/com/geirsson/metaconfig-typesafe-config_2.12/0.8.3/
Downloading https://repo1.maven.org/maven2/org/typelevel/paiges-core_2.12/0.2.0/paiges-core_2.12-0.2.0.pom
Downloading https://repo1.maven.org/maven2/org/typelevel/paiges-core_2.12/0.2.0/paiges-core_2.12-0.2.0.pom.sha1
Downloading https://repo1.maven.org/maven2/org/scalameta/parsers_2.12/4.2.0/parsers_2.12-4.2.0.pom
Downloading https://repo1.maven.org/maven2/org/scalameta/parsers_2.12/4.2.0/parsers_2.12-4.2.0.pom.sha1
Downloading https://repo1.maven.org/maven2/org/scala-lang/scalap/2.12.8/scalap-2.12.8.pom
Downloading https://repo1.maven.org/maven2/org/scala-lang/scalap/2.12.8/scalap-2.12.8.pom.sha1
Downloaded https://repo1.maven.org/maven2/org/typelevel/paiges-core_2.12/0.2.0/paiges-core_2.12-0.2.0.pom.sha1
Downloading https://repo1.maven.org/maven2/com/lihaoyi/pprint_2.12/0.5.3/pprint_2.12-0.5.3.pom
Downloaded https://repo1.maven.org/maven2/org/scalameta/parsers_2.12/4.2.0/parsers_2.12-4.2.0.pom
Downloading https://repo1.maven.org/maven2/com/lihaoyi/pprint_2.12/0.5.3/pprint_2.12-0.5.3.pom.sha1
Downloaded https://repo1.maven.org/maven2/org/scala-lang/scalap/2.12.8/scalap-2.12.8.pom
Downloaded https://repo1.maven.org/maven2/org/scalameta/parsers_2.12/4.2.0/parsers_2.12-4.2.0.pom.sha1
Downloading https://repo1.maven.org/maven2/org/scalameta/parsers_2.12/4.2.0/
Downloaded https://repo1.maven.org/maven2/org/typelevel/paiges-core_2.12/0.2.0/paiges-core_2.12-0.2.0.pom
Downloading https://repo1.maven.org/maven2/org/typelevel/paiges-core_2.12/0.2.0/
Downloaded https://repo1.maven.org/maven2/com/lihaoyi/pprint_2.12/0.5.3/pprint_2.12-0.5.3.pom
Downloaded https://repo1.maven.org/maven2/com/lihaoyi/pprint_2.12/0.5.3/pprint_2.12-0.5.3.pom.sha1
Downloading https://repo1.maven.org/maven2/com/lihaoyi/pprint_2.12/0.5.3/
Downloaded https://repo1.maven.org/maven2/org/typelevel/paiges-core_2.12/0.2.0/
Downloaded https://repo1.maven.org/maven2/org/scalameta/parsers_2.12/4.2.0/
Downloaded https://repo1.maven.org/maven2/org/scala-lang/scalap/2.12.8/scalap-2.12.8.pom.sha1
Downloading https://repo1.maven.org/maven2/org/scala-lang/scalap/2.12.8/
Downloaded https://repo1.maven.org/maven2/com/lihaoyi/pprint_2.12/0.5.3/
Downloaded https://repo1.maven.org/maven2/org/scala-lang/scalap/2.12.8/
Downloading https://repo1.maven.org/maven2/org/scala-lang/scala-compiler/2.12.8/scala-compiler-2.12.8.pom
Downloading https://repo1.maven.org/maven2/org/scala-lang/scala-compiler/2.12.8/scala-compiler-2.12.8.pom.sha1
Downloading https://repo1.maven.org/maven2/com/lihaoyi/fansi_2.12/0.2.5/fansi_2.12-0.2.5.pom
Downloading https://repo1.maven.org/maven2/org/scalameta/trees_2.12/4.2.0/trees_2.12-4.2.0.pom
Downloading https://repo1.maven.org/maven2/com/lihaoyi/fansi_2.12/0.2.5/fansi_2.12-0.2.5.pom.sha1
Downloading https://repo1.maven.org/maven2/org/scalameta/trees_2.12/4.2.0/trees_2.12-4.2.0.pom.sha1
Downloaded https://repo1.maven.org/maven2/org/scalameta/trees_2.12/4.2.0/trees_2.12-4.2.0.pom.sha1
Downloading https://repo1.maven.org/maven2/com/lihaoyi/sourcecode_2.12/0.1.4/sourcecode_2.12-0.1.4.pom
Downloaded https://repo1.maven.org/maven2/com/lihaoyi/fansi_2.12/0.2.5/fansi_2.12-0.2.5.pom.sha1
Downloading https://repo1.maven.org/maven2/com/lihaoyi/sourcecode_2.12/0.1.4/sourcecode_2.12-0.1.4.pom.sha1
Downloaded https://repo1.maven.org/maven2/com/lihaoyi/fansi_2.12/0.2.5/fansi_2.12-0.2.5.pom
Downloading https://repo1.maven.org/maven2/com/lihaoyi/fansi_2.12/0.2.5/
Downloaded https://repo1.maven.org/maven2/org/scalameta/trees_2.12/4.2.0/trees_2.12-4.2.0.pom
Downloading https://repo1.maven.org/maven2/org/scalameta/trees_2.12/4.2.0/
Downloaded https://repo1.maven.org/maven2/org/scala-lang/scala-compiler/2.12.8/scala-compiler-2.12.8.pom
Downloaded https://repo1.maven.org/maven2/com/lihaoyi/sourcecode_2.12/0.1.4/sourcecode_2.12-0.1.4.pom
Downloaded https://repo1.maven.org/maven2/com/lihaoyi/sourcecode_2.12/0.1.4/sourcecode_2.12-0.1.4.pom.sha1
Downloading https://repo1.maven.org/maven2/com/lihaoyi/sourcecode_2.12/0.1.4/
Downloaded https://repo1.maven.org/maven2/com/lihaoyi/fansi_2.12/0.2.5/
Downloaded https://repo1.maven.org/maven2/org/scalameta/trees_2.12/4.2.0/
Downloaded https://repo1.maven.org/maven2/org/scala-lang/scala-compiler/2.12.8/scala-compiler-2.12.8.pom.sha1
Downloading https://repo1.maven.org/maven2/org/scala-lang/scala-compiler/2.12.8/
Downloaded https://repo1.maven.org/maven2/com/lihaoyi/sourcecode_2.12/0.1.4/
Downloaded https://repo1.maven.org/maven2/org/scala-lang/scala-compiler/2.12.8/
Downloading https://repo1.maven.org/maven2/org/scalameta/fastparse_2.12/1.0.1/fastparse_2.12-1.0.1.pom.sha1
Downloading https://repo1.maven.org/maven2/org/scalameta/common_2.12/4.2.0/common_2.12-4.2.0.pom.sha1
Downloading https://repo1.maven.org/maven2/org/scalameta/common_2.12/4.2.0/common_2.12-4.2.0.pom
Downloaded https://repo1.maven.org/maven2/org/scalameta/fastparse_2.12/1.0.1/fastparse_2.12-1.0.1.pom.sha1
Downloading https://repo1.maven.org/maven2/org/scalameta/fastparse_2.12/1.0.1/
Downloaded https://repo1.maven.org/maven2/org/scalameta/common_2.12/4.2.0/common_2.12-4.2.0.pom.sha1
Downloaded https://repo1.maven.org/maven2/org/scalameta/common_2.12/4.2.0/common_2.12-4.2.0.pom
Downloading https://repo1.maven.org/maven2/org/scalameta/common_2.12/4.2.0/
Downloaded https://repo1.maven.org/maven2/org/scalameta/fastparse_2.12/1.0.1/
Downloaded https://repo1.maven.org/maven2/org/scalameta/common_2.12/4.2.0/
Downloading https://repo1.maven.org/maven2/org/scalameta/fastparse-utils_2.12/1.0.1/fastparse-utils_2.12-1.0.1.pom.sha1
Downloading https://repo1.maven.org/maven2/com/lihaoyi/sourcecode_2.12/0.1.7/sourcecode_2.12-0.1.7.pom.sha1
Downloaded https://repo1.maven.org/maven2/org/scalameta/fastparse-utils_2.12/1.0.1/fastparse-utils_2.12-1.0.1.pom.sha1
Downloading https://repo1.maven.org/maven2/org/scalameta/fastparse-utils_2.12/1.0.1/
Downloaded https://repo1.maven.org/maven2/com/lihaoyi/sourcecode_2.12/0.1.7/sourcecode_2.12-0.1.7.pom.sha1
Downloading https://repo1.maven.org/maven2/com/lihaoyi/sourcecode_2.12/0.1.7/
Downloaded https://repo1.maven.org/maven2/org/scalameta/fastparse-utils_2.12/1.0.1/
Downloaded https://repo1.maven.org/maven2/com/lihaoyi/sourcecode_2.12/0.1.7/
WARN  no build target: D:\Coding\scala_vscode\LongLines.scala
WARN  no build target: D:\Coding\scala_vscode\FindLongLines.scala
WARN  no build target: D:\Coding\scala_vscode\FindLongLines.scala
something's wrong: no file:///d%3A/Coding/scala_vscode/FindLongLines.scala in Array[<error>]RangePosition(file:///d%3A/Coding/scala_vscode/FindLongLines.scala, 40, 40, 55)
something's wrong: no file:///d%3A/Coding/scala_vscode/FindLongLines.scala in Array[<error>]RangePosition(file:///d%3A/Coding/scala_vscode/FindLongLines.scala, 40, 40, 48)
something's wrong: no file:///d%3A/Coding/scala_vscode/FindLongLines.scala in Array[<error>]RangePosition(file:///d%3A/Coding/scala_vscode/FindLongLines.scala, 40, 40, 49)
something's wrong: no file:///d%3A/Coding/scala_vscode/FindLongLines.scala in Array[String]RangePosition(file:///d%3A/Coding/scala_vscode/FindLongLines.scala, 40, 40, 53)
something's wrong: no file:///d%3A/Coding/scala_vscode/FindLongLines.scala in Array[String]RangePosition(file:///d%3A/Coding/scala_vscode/FindLongLines.scala, 40, 40, 53)
something's wrong: no file:///d%3A/Coding/scala_vscode/FindLongLines.scala in Array[String]RangePosition(file:///d%3A/Coding/scala_vscode/FindLongLines.scala, 40, 40, 53)
WARN  no build target: D:\Coding\scala_vscode\FindLongLines.scala
WARN  no build target: D:\Coding\scala_vscode\LongLines.scala
WARN  no build target: D:\Coding\scala_vscode\LongLines.scala
WARN  no build target: D:\Coding\scala_vscode\LongLines.scala
INFO  shutting down Metals
INFO  time: initialize in 0.73s
WARN  no build tool detected in workspace 'D:\Coding\scala_vscode'. The most common cause for this problem is that the editor was opened in the wrong working directory, for example if you use sbt then the workspace directory should contain build.sbt. 
WARN  no build target: D:\Coding\scala_vscode\LongLines.scala
WARN  no build target: D:\Coding\scala_vscode\FileMatcher.scala
INFO  no build target: using presentation compiler with only scala-library
WARN  no build target: D:\Coding\scala_vscode\FileMatcher.scala
WARN  no build target: D:\Coding\scala_vscode\FileMatcher.scala
WARN  no build tool detected in workspace 'D:\Coding\scala_vscode'. The most common cause for this problem is that the editor was opened in the wrong working directory, for example if you use sbt then the workspace directory should contain build.sbt. 
WARN  no build tool detected in workspace 'D:\Coding\scala_vscode'. The most common cause for this problem is that the editor was opened in the wrong working directory, for example if you use sbt then the workspace directory should contain build.sbt. 
WARN  no build tool detected in workspace 'D:\Coding\scala_vscode'. The most common cause for this problem is that the editor was opened in the wrong working directory, for example if you use sbt then the workspace directory should contain build.sbt. 
WARN  no build tool detected in workspace 'D:\Coding\scala_vscode'. The most common cause for this problem is that the editor was opened in the wrong working directory, for example if you use sbt then the workspace directory should contain build.sbt. 
WARN  no build tool detected in workspace 'D:\Coding\scala_vscode'. The most common cause for this problem is that the editor was opened in the wrong working directory, for example if you use sbt then the workspace directory should contain build.sbt. 
WARN  no build tool detected in workspace 'D:\Coding\scala_vscode'. The most common cause for this problem is that the editor was opened in the wrong working directory, for example if you use sbt then the workspace directory should contain build.sbt. 
WARN  no build tool detected in workspace 'D:\Coding\scala_vscode'. The most common cause for this problem is that the editor was opened in the wrong working directory, for example if you use sbt then the workspace directory should contain build.sbt. 
WARN  no build tool detected in workspace 'D:\Coding\scala_vscode'. The most common cause for this problem is that the editor was opened in the wrong working directory, for example if you use sbt then the workspace directory should contain build.sbt. 
WARN  no build tool detected in workspace 'D:\Coding\scala_vscode'. The most common cause for this problem is that the editor was opened in the wrong working directory, for example if you use sbt then the workspace directory should contain build.sbt. 
WARN  no build tool detected in workspace 'D:\Coding\scala_vscode'. The most common cause for this problem is that the editor was opened in the wrong working directory, for example if you use sbt then the workspace directory should contain build.sbt. 
WARN  no build tool detected in workspace 'D:\Coding\scala_vscode'. The most common cause for this problem is that the editor was opened in the wrong working directory, for example if you use sbt then the workspace directory should contain build.sbt. 
WARN  no build tool detected in workspace 'D:\Coding\scala_vscode'. The most common cause for this problem is that the editor was opened in the wrong working directory, for example if you use sbt then the workspace directory should contain build.sbt. 
11杉 09, 2019 12:30:16 神穿 scala.meta.internal.pc.CompilerAccess handleError
宿唖: null
java.lang.NullPointerException
	at scala.meta.internal.pc.HoverProvider.seenFromType(HoverProvider.scala:106)
	at scala.meta.internal.pc.HoverProvider.hover(HoverProvider.scala:42)

WARN  no build tool detected in workspace 'D:\Coding\scala_vscode'. The most common cause for this problem is that the editor was opened in the wrong working directory, for example if you use sbt then the workspace directory should contain build.sbt. 
WARN  no build tool detected in workspace 'D:\Coding\scala_vscode'. The most common cause for this problem is that the editor was opened in the wrong working directory, for example if you use sbt then the workspace directory should contain build.sbt. 
WARN  no build target: D:\Coding\scala_vscode\FileMatcher.scala
ERROR scalafmt: D:\Coding\scala_vscode\FileMatcher.scala:18: error: end of file expected but } found
}
^
INFO  shutting down Metals
INFO  time: initialize in 0.49s
WARN  no build tool detected in workspace 'D:\Coding\scala_vscode'. The most common cause for this problem is that the editor was opened in the wrong working directory, for example if you use sbt then the workspace directory should contain build.sbt. 
WARN  no build target: D:\Coding\scala_vscode\FileMatcher.scala
INFO  no build target: using presentation compiler with only scala-library
WARN  no build target: D:\Coding\scala_vscode\FileMatcher.scala
WARN  no build target: D:\Coding\scala_vscode\Element.scala
WARN  no build target: D:\Coding\scala_vscode\Element.scala
WARN  no build target: D:\Coding\scala_vscode\Element.scala
WARN  no build target: D:\Coding\scala_vscode\ArrayElement.scala
something's wrong: no file:///d%3A/Coding/scala_vscode/ArrayElement.scala in Array[<error>]RangePosition(file:///d%3A/Coding/scala_vscode/ArrayElement.scala, 26, 26, 41)
something's wrong: no file:///d%3A/Coding/scala_vscode/ArrayElement.scala in Array[<error>]RangePosition(file:///d%3A/Coding/scala_vscode/ArrayElement.scala, 26, 26, 34)
something's wrong: no file:///d%3A/Coding/scala_vscode/ArrayElement.scala in Array[<error>]RangePosition(file:///d%3A/Coding/scala_vscode/ArrayElement.scala, 26, 26, 35)
something's wrong: no file:///d%3A/Coding/scala_vscode/ArrayElement.scala in Array[<error>]RangePosition(file:///d%3A/Coding/scala_vscode/ArrayElement.scala, 26, 26, 37)
something's wrong: no file:///d%3A/Coding/scala_vscode/ArrayElement.scala in Array[<error>]RangePosition(file:///d%3A/Coding/scala_vscode/ArrayElement.scala, 26, 26, 38)
something's wrong: no file:///d%3A/Coding/scala_vscode/ArrayElement.scala in Array[String]RangePosition(file:///d%3A/Coding/scala_vscode/ArrayElement.scala, 26, 26, 39)
something's wrong: no file:///d%3A/Coding/scala_vscode/ArrayElement.scala in Array[String]RangePosition(file:///d%3A/Coding/scala_vscode/ArrayElement.scala, 26, 26, 39)
something's wrong: no file:///d%3A/Coding/scala_vscode/ArrayElement.scala in Array[String]RangePosition(file:///d%3A/Coding/scala_vscode/ArrayElement.scala, 26, 26, 39)
WARN  no build target: D:\Coding\scala_vscode\ArrayElement.scala
WARN  no build target: D:\Coding\scala_vscode\ArrayElement.scala
WARN  no build target: D:\Coding\scala_vscode\ArrayElement.scala
WARN  no build target: D:\Coding\scala_vscode\ArrayElement.scala
WARN  no build target: D:\Coding\scala_vscode\ArrayElement.scala
something's wrong: no file:///d%3A/Coding/scala_vscode/ArrayElement.scala in Array[<error>]RangePosition(file:///d%3A/Coding/scala_vscode/ArrayElement.scala, 140, 140, 155)
something's wrong: no file:///d%3A/Coding/scala_vscode/ArrayElement.scala in Array[<error>]RangePosition(file:///d%3A/Coding/scala_vscode/ArrayElement.scala, 140, 140, 148)
something's wrong: no file:///d%3A/Coding/scala_vscode/ArrayElement.scala in Array[<error>]RangePosition(file:///d%3A/Coding/scala_vscode/ArrayElement.scala, 140, 140, 149)
something's wrong: no file:///d%3A/Coding/scala_vscode/ArrayElement.scala in Array[<error>]RangePosition(file:///d%3A/Coding/scala_vscode/ArrayElement.scala, 140, 140, 151)
something's wrong: no file:///d%3A/Coding/scala_vscode/ArrayElement.scala in Array[String]RangePosition(file:///d%3A/Coding/scala_vscode/ArrayElement.scala, 140, 140, 153)
something's wrong: no file:///d%3A/Coding/scala_vscode/ArrayElement.scala in Array[String]RangePosition(file:///d%3A/Coding/scala_vscode/ArrayElement.scala, 140, 140, 153)
something's wrong: no file:///d%3A/Coding/scala_vscode/ArrayElement.scala in Array[String]RangePosition(file:///d%3A/Coding/scala_vscode/ArrayElement.scala, 140, 140, 153)
something's wrong: no file:///d%3A/Coding/scala_vscode/ArrayElement.scala in Array[String]RangePosition(file:///d%3A/Coding/scala_vscode/ArrayElement.scala, 146, 146, 159)
WARN  no build tool detected in workspace 'D:\Coding\scala_vscode'. The most common cause for this problem is that the editor was opened in the wrong working directory, for example if you use sbt then the workspace directory should contain build.sbt. 
WARN  no build tool detected in workspace 'D:\Coding\scala_vscode'. The most common cause for this problem is that the editor was opened in the wrong working directory, for example if you use sbt then the workspace directory should contain build.sbt. 
WARN  no build target: D:\Coding\scala_vscode\ArrayElement.scala
WARN  no build target: D:\Coding\scala_vscode\chapter10\ArrayElement.scala
WARN  no build target: D:\Coding\scala_vscode\chapter10\Element.scala
WARN  no build target: D:\Coding\scala_vscode\chapter10\LineElement.scala
WARN  no build target: D:\Coding\scala_vscode\chapter10\ArrayElement.scala
11杉 09, 2019 10:02:49 神板 org.eclipse.lsp4j.jsonrpc.services.GenericEndpoint notify
舛左: Unsupported notification method: $/setTraceNotification
WARN  no build target: D:\Coding\scala_vscode\chapter10\LineElement.scala
11杉 09, 2019 10:08:49 神板 org.eclipse.lsp4j.jsonrpc.services.GenericEndpoint notify
舛左: Unsupported notification method: $/setTraceNotification
11杉 09, 2019 10:11:44 神板 org.eclipse.lsp4j.jsonrpc.services.GenericEndpoint notify
舛左: Unsupported notification method: $/setTraceNotification
INFO  shutting down Metals
INFO  time: initialize in 0.37s
WARN  no build tool detected in workspace 'D:\Coding\scala_vscode'. The most common cause for this problem is that the editor was opened in the wrong working directory, for example if you use sbt then the workspace directory should contain build.sbt. 
WARN  no build target: D:\Coding\scala_vscode\chapter10\LineElement.scala
INFO  no build target: using presentation compiler with only scala-library
WARN  no build target: D:\Coding\scala_vscode\chapter10\ArrayElement.scala
WARN  no build target: D:\Coding\scala_vscode\chapter10\Element.scala
INFO  shutting down Metals
INFO  time: initialize in 0.34s
WARN  no build tool detected in workspace 'D:\Coding\scala_vscode'. The most common cause for this problem is that the editor was opened in the wrong working directory, for example if you use sbt then the workspace directory should contain build.sbt. 
WARN  no build target: D:\Coding\scala_vscode\chapter10\LineElement.scala
INFO  no build target: using presentation compiler with only scala-library
WARN  no build target: D:\Coding\scala_vscode\chapter10\Element.scala
WARN  no build target: D:\Coding\scala_vscode\chapter10\LineElement.scala
WARN  no build target: D:\Coding\scala_vscode\chapter10\Element.scala
11杉 09, 2019 10:17:55 神板 org.eclipse.lsp4j.jsonrpc.services.GenericEndpoint notify
舛左: Unsupported notification method: $/setTraceNotification
WARN  no build target: D:\Coding\scala_vscode\chapter10\ArrayElement.scala
INFO  shutting down Metals
INFO  time: initialize in 0.37s
WARN  no build tool detected in workspace 'D:\Coding\scala_vscode'. The most common cause for this problem is that the editor was opened in the wrong working directory, for example if you use sbt then the workspace directory should contain build.sbt. 
WARN  no build target: D:\Coding\scala_vscode\chapter10\LineElement.scala
11杉 09, 2019 10:20:09 神板 org.eclipse.lsp4j.jsonrpc.services.GenericEndpoint notify
舛左: Unsupported notification method: $/setTraceNotification
11杉 09, 2019 10:20:12 神板 org.eclipse.lsp4j.jsonrpc.services.GenericEndpoint notify
舛左: Unsupported notification method: $/setTraceNotification
11杉 09, 2019 10:20:16 神板 org.eclipse.lsp4j.jsonrpc.services.GenericEndpoint notify
舛左: Unsupported notification method: $/setTraceNotification
WARN  no build target: D:\Coding\scala_vscode\chapter10\LineElement.scala
INFO  no build target: using presentation compiler with only scala-library
WARN  no build target: D:\Coding\scala_vscode\chapter10\LineElement.scala
WARN  no build target: D:\Coding\scala_vscode\chapter10\ArrayElement.scala
11杉 09, 2019 10:20:36 神板 org.eclipse.lsp4j.jsonrpc.services.GenericEndpoint notify
舛左: Unsupported notification method: $/setTraceNotification
WARN  no build target: D:\Coding\scala_vscode\chapter10\LineElement.scala
WARN  no build target: D:\Coding\scala_vscode\chapter10\LineElement.scala
11杉 09, 2019 10:30:59 神板 org.eclipse.lsp4j.jsonrpc.services.GenericEndpoint notify
舛左: Unsupported notification method: $/setTraceNotification
11杉 09, 2019 10:31:02 神板 org.eclipse.lsp4j.jsonrpc.services.GenericEndpoint notify
舛左: Unsupported notification method: $/setTraceNotification
WARN  no build target: D:\Coding\scala_vscode\chapter10\LineElement.scala
11杉 09, 2019 10:31:42 神板 org.eclipse.lsp4j.jsonrpc.RemoteEndpoint handleCancellation
井壱: Unmatched cancel notification for request id 135
11杉 09, 2019 10:32:07 神板 org.eclipse.lsp4j.jsonrpc.services.GenericEndpoint notify
舛左: Unsupported notification method: $/setTraceNotification
WARN  no build target: D:\Coding\scala_vscode\chapter10\LineElement.scala
WARN  no build target: D:\Coding\scala_vscode\chapter10\UniformElement.scala
WARN  no build target: D:\Coding\scala_vscode\chapter10\UniformElement.scala
11杉 09, 2019 10:47:30 神板 org.eclipse.lsp4j.jsonrpc.services.GenericEndpoint notify
舛左: Unsupported notification method: $/setTraceNotification
INFO  shutting down Metals
INFO  time: initialize in 0.34s
WARN  no build tool detected in workspace 'D:\Coding\scala_vscode'. The most common cause for this problem is that the editor was opened in the wrong working directory, for example if you use sbt then the workspace directory should contain build.sbt. 
WARN  no build target: D:\Coding\scala_vscode\chapter10\UniformElement.scala
WARN  no build target: D:\Coding\scala_vscode\chapter10\LineElement.scala
INFO  no build target: using presentation compiler with only scala-library
WARN  no build target: D:\Coding\scala_vscode\chapter10\ArrayElement.scala
11杉 09, 2019 10:51:05 神板 org.eclipse.lsp4j.jsonrpc.services.GenericEndpoint notify
舛左: Unsupported notification method: $/setTraceNotification
11杉 09, 2019 10:51:07 神板 org.eclipse.lsp4j.jsonrpc.services.GenericEndpoint notify
舛左: Unsupported notification method: $/setTraceNotification
WARN  no build target: D:\Coding\scala_vscode\chapter10\UniformElement.scala
WARN  no build target: D:\Coding\scala_vscode\chapter10\Element.scala
WARN  no build target: D:\Coding\scala_vscode\chapter10\UniformElement.scala
11杉 09, 2019 10:54:45 神板 org.eclipse.lsp4j.jsonrpc.services.GenericEndpoint notify
舛左: Unsupported notification method: $/setTraceNotification
11杉 09, 2019 10:54:59 神板 org.eclipse.lsp4j.jsonrpc.services.GenericEndpoint notify
舛左: Unsupported notification method: $/setTraceNotification
11杉 09, 2019 10:55:05 神板 org.eclipse.lsp4j.jsonrpc.services.GenericEndpoint notify
舛左: Unsupported notification method: $/setTraceNotification
11杉 09, 2019 10:55:22 神板 org.eclipse.lsp4j.jsonrpc.services.GenericEndpoint notify
舛左: Unsupported notification method: $/setTraceNotification
11杉 09, 2019 10:55:25 神板 org.eclipse.lsp4j.jsonrpc.services.GenericEndpoint notify
舛左: Unsupported notification method: $/setTraceNotification
WARN  no build target: D:\Coding\scala_vscode\chapter10\LineElement.scala
WARN  no build target: D:\Coding\scala_vscode\chapter10\Element.scala
WARN  no build target: D:\Coding\scala_vscode\chapter10\Element.scala
WARN  no build target: C:\Users\jjh13\AppData\Local\Temp\BNZ.5dc6cd36162b006a\Ex3.scala
11杉 09, 2019 11:31:39 神板 org.eclipse.lsp4j.jsonrpc.services.GenericEndpoint notify
舛左: Unsupported notification method: $/setTraceNotification
11杉 09, 2019 11:31:40 神板 org.eclipse.lsp4j.jsonrpc.services.GenericEndpoint notify
舛左: Unsupported notification method: $/setTraceNotification
11杉 09, 2019 11:31:40 神板 org.eclipse.lsp4j.jsonrpc.services.GenericEndpoint notify
舛左: Unsupported notification method: $/setTraceNotification
11杉 09, 2019 11:31:40 神板 org.eclipse.lsp4j.jsonrpc.services.GenericEndpoint notify
舛左: Unsupported notification method: $/setTraceNotification
11杉 09, 2019 11:31:40 神板 org.eclipse.lsp4j.jsonrpc.services.GenericEndpoint notify
舛左: Unsupported notification method: $/setTraceNotification
11杉 09, 2019 11:31:41 神板 org.eclipse.lsp4j.jsonrpc.services.GenericEndpoint notify
舛左: Unsupported notification method: $/setTraceNotification
11杉 09, 2019 11:31:41 神板 org.eclipse.lsp4j.jsonrpc.services.GenericEndpoint notify
舛左: Unsupported notification method: $/setTraceNotification
11杉 09, 2019 11:31:42 神板 org.eclipse.lsp4j.jsonrpc.services.GenericEndpoint notify
舛左: Unsupported notification method: $/setTraceNotification
11杉 09, 2019 11:31:42 神板 org.eclipse.lsp4j.jsonrpc.services.GenericEndpoint notify
舛左: Unsupported notification method: $/setTraceNotification
WARN  no build target: D:\鯵昔虹希\奄展\DB窪\examples\stateful-objects\Ex1.scala
WARN  no build target: D:\鯵昔虹希\奄展\DB窪\examples\compo-inherit\Ex12.scala
WARN  no build target: D:\鯵昔虹希\奄展\DB窪\examples\compo-inherit\Ex11.scala
WARN  no build target: D:\鯵昔虹希\奄展\DB窪\examples\compo-inherit\Ex12.scala
something's wrong: no file:///d%3A/Coding/scala_vscode/chapter10/Element.scala in Array[<error>]RangePosition(file:///d%3A/Coding/scala_vscode/chapter10/Element.scala, 704, 704, 719)
something's wrong: no file:///d%3A/Coding/scala_vscode/chapter10/Element.scala in Array[<error>]RangePosition(file:///d%3A/Coding/scala_vscode/chapter10/Element.scala, 704, 704, 712)
something's wrong: no file:///d%3A/Coding/scala_vscode/chapter10/Element.scala in Array[<error>]RangePosition(file:///d%3A/Coding/scala_vscode/chapter10/Element.scala, 704, 704, 713)
something's wrong: no file:///d%3A/Coding/scala_vscode/chapter10/Element.scala in Array[String]RangePosition(file:///d%3A/Coding/scala_vscode/chapter10/Element.scala, 704, 704, 717)
something's wrong: no file:///d%3A/Coding/scala_vscode/chapter10/Element.scala in Array[String]RangePosition(file:///d%3A/Coding/scala_vscode/chapter10/Element.scala, 704, 704, 717)
something's wrong: no file:///d%3A/Coding/scala_vscode/chapter10/Element.scala in Array[String]RangePosition(file:///d%3A/Coding/scala_vscode/chapter10/Element.scala, 704, 704, 717)
WARN  no build tool detected in workspace 'D:\Coding\scala_vscode'. The most common cause for this problem is that the editor was opened in the wrong working directory, for example if you use sbt then the workspace directory should contain build.sbt. 
WARN  no build tool detected in workspace 'D:\Coding\scala_vscode'. The most common cause for this problem is that the editor was opened in the wrong working directory, for example if you use sbt then the workspace directory should contain build.sbt. 
WARN  no build tool detected in workspace 'D:\Coding\scala_vscode'. The most common cause for this problem is that the editor was opened in the wrong working directory, for example if you use sbt then the workspace directory should contain build.sbt. 
WARN  no build tool detected in workspace 'D:\Coding\scala_vscode'. The most common cause for this problem is that the editor was opened in the wrong working directory, for example if you use sbt then the workspace directory should contain build.sbt. 
WARN  no build tool detected in workspace 'D:\Coding\scala_vscode'. The most common cause for this problem is that the editor was opened in the wrong working directory, for example if you use sbt then the workspace directory should contain build.sbt. 
WARN  no build tool detected in workspace 'D:\Coding\scala_vscode'. The most common cause for this problem is that the editor was opened in the wrong working directory, for example if you use sbt then the workspace directory should contain build.sbt. 
11杉 09, 2019 11:41:31 神板 scala.meta.internal.pc.CompilerAccess retryWithCleanCompiler
舛左: compiler crashed due to an error in the Scala compiler, retrying with new compiler instance.
11杉 09, 2019 11:41:31 神板 scala.meta.internal.pc.CompilerAccess handleError
宿唖: no context found for source-file:///d%3A/Coding/scala_vscode/chapter10/LineElement.scala,line-1,offset=12
scala.reflect.internal.FatalError: no context found for source-file:///d%3A/Coding/scala_vscode/chapter10/LineElement.scala,line-1,offset=12
	at scala.tools.nsc.interactive.CompilerControl.$anonfun$doLocateContext$1(CompilerControl.scala:100)
	at scala.tools.nsc.interactive.CompilerControl.doLocateContext(CompilerControl.scala:100)
	at scala.tools.nsc.interactive.CompilerControl.doLocateContext$(CompilerControl.scala:99)
	at scala.tools.nsc.interactive.Global.doLocateContext(Global.scala:113)
	at scala.meta.internal.pc.PcDefinitionProvider.definitionTypedTreeAt(PcDefinitionProvider.scala:94)
	at scala.meta.internal.pc.PcDefinitionProvider.definition(PcDefinitionProvider.scala:22)

WARN  no build tool detected in workspace 'D:\Coding\scala_vscode'. The most common cause for this problem is that the editor was opened in the wrong working directory, for example if you use sbt then the workspace directory should contain build.sbt. 
WARN  no build tool detected in workspace 'D:\Coding\scala_vscode'. The most common cause for this problem is that the editor was opened in the wrong working directory, for example if you use sbt then the workspace directory should contain build.sbt. 
11杉 09, 2019 11:41:31 神板 scala.meta.internal.pc.CompilerAccess retryWithCleanCompiler
舛左: compiler crashed due to an error in the Scala compiler, retrying with new compiler instance.
11杉 09, 2019 11:41:32 神板 scala.meta.internal.pc.CompilerAccess handleError
宿唖: no context found for source-file:///d%3A/Coding/scala_vscode/chapter10/LineElement.scala,line-1,offset=12
scala.reflect.internal.FatalError: no context found for source-file:///d%3A/Coding/scala_vscode/chapter10/LineElement.scala,line-1,offset=12
	at scala.tools.nsc.interactive.CompilerControl.$anonfun$doLocateContext$1(CompilerControl.scala:100)
	at scala.tools.nsc.interactive.CompilerControl.doLocateContext(CompilerControl.scala:100)
	at scala.tools.nsc.interactive.CompilerControl.doLocateContext$(CompilerControl.scala:99)
	at scala.tools.nsc.interactive.Global.doLocateContext(Global.scala:113)
	at scala.meta.internal.pc.PcDefinitionProvider.definitionTypedTreeAt(PcDefinitionProvider.scala:94)
	at scala.meta.internal.pc.PcDefinitionProvider.definition(PcDefinitionProvider.scala:22)

WARN  no build tool detected in workspace 'D:\Coding\scala_vscode'. The most common cause for this problem is that the editor was opened in the wrong working directory, for example if you use sbt then the workspace directory should contain build.sbt. 
WARN  no build tool detected in workspace 'D:\Coding\scala_vscode'. The most common cause for this problem is that the editor was opened in the wrong working directory, for example if you use sbt then the workspace directory should contain build.sbt. 
WARN  no build tool detected in workspace 'D:\Coding\scala_vscode'. The most common cause for this problem is that the editor was opened in the wrong working directory, for example if you use sbt then the workspace directory should contain build.sbt. 
WARN  no build tool detected in workspace 'D:\Coding\scala_vscode'. The most common cause for this problem is that the editor was opened in the wrong working directory, for example if you use sbt then the workspace directory should contain build.sbt. 
WARN  no build tool detected in workspace 'D:\Coding\scala_vscode'. The most common cause for this problem is that the editor was opened in the wrong working directory, for example if you use sbt then the workspace directory should contain build.sbt. 
WARN  no build tool detected in workspace 'D:\Coding\scala_vscode'. The most common cause for this problem is that the editor was opened in the wrong working directory, for example if you use sbt then the workspace directory should contain build.sbt. 
WARN  no build tool detected in workspace 'D:\Coding\scala_vscode'. The most common cause for this problem is that the editor was opened in the wrong working directory, for example if you use sbt then the workspace directory should contain build.sbt. 
WARN  no build tool detected in workspace 'D:\Coding\scala_vscode'. The most common cause for this problem is that the editor was opened in the wrong working directory, for example if you use sbt then the workspace directory should contain build.sbt. 
WARN  no build tool detected in workspace 'D:\Coding\scala_vscode'. The most common cause for this problem is that the editor was opened in the wrong working directory, for example if you use sbt then the workspace directory should contain build.sbt. 
WARN  no build tool detected in workspace 'D:\Coding\scala_vscode'. The most common cause for this problem is that the editor was opened in the wrong working directory, for example if you use sbt then the workspace directory should contain build.sbt. 
ERROR scalafmt: D:\Coding\scala_vscode\chapter10\Element.scala:35: error: ; expected but class found
  priate class ArrayElement(
         ^
WARN  no build tool detected in workspace 'D:\Coding\scala_vscode'. The most common cause for this problem is that the editor was opened in the wrong working directory, for example if you use sbt then the workspace directory should contain build.sbt. 
WARN  no build tool detected in workspace 'D:\Coding\scala_vscode'. The most common cause for this problem is that the editor was opened in the wrong working directory, for example if you use sbt then the workspace directory should contain build.sbt. 
WARN  no build tool detected in workspace 'D:\Coding\scala_vscode'. The most common cause for this problem is that the editor was opened in the wrong working directory, for example if you use sbt then the workspace directory should contain build.sbt. 
WARN  no build tool detected in workspace 'D:\Coding\scala_vscode'. The most common cause for this problem is that the editor was opened in the wrong working directory, for example if you use sbt then the workspace directory should contain build.sbt. 
WARN  no build target: D:\Coding\scala_vscode\chapter10\Element.scala
11杉 09, 2019 11:58:23 神板 org.eclipse.lsp4j.jsonrpc.services.GenericEndpoint notify
舛左: Unsupported notification method: $/setTraceNotification
WARN  no build target: D:\Coding\scala_vscode\chapter10\Element.scala
INFO  shutting down Metals
INFO  time: initialize in 0.35s
WARN  no build tool detected in workspace 'D:\Coding\scala_vscode'. The most common cause for this problem is that the editor was opened in the wrong working directory, for example if you use sbt then the workspace directory should contain build.sbt. 
WARN  no build target: D:\Coding\scala_vscode\chapter10\Element.scala
INFO  no build target: using presentation compiler with only scala-library
WARN  no build tool detected in workspace 'D:\Coding\scala_vscode'. The most common cause for this problem is that the editor was opened in the wrong working directory, for example if you use sbt then the workspace directory should contain build.sbt. 
WARN  no build tool detected in workspace 'D:\Coding\scala_vscode'. The most common cause for this problem is that the editor was opened in the wrong working directory, for example if you use sbt then the workspace directory should contain build.sbt. 
WARN  no build target: D:\Coding\scala_vscode\chapter10\Element.scala
WARN  no build target: D:\Coding\scala_vscode\chapter10\Element.scala
11杉 09, 2019 11:59:59 神板 org.eclipse.lsp4j.jsonrpc.services.GenericEndpoint notify
舛左: Unsupported notification method: $/setTraceNotification
WARN  no build target: D:\Coding\scala_vscode\chapter10\Element.scala
something's wrong: no file:///d%3A/Coding/scala_vscode/chapter10/Element.scala in Array[<error>]RangePosition(file:///d%3A/Coding/scala_vscode/chapter10/Element.scala, 3133, 3133, 3148)
something's wrong: no file:///d%3A/Coding/scala_vscode/chapter10/Element.scala in Array[<error>]RangePosition(file:///d%3A/Coding/scala_vscode/chapter10/Element.scala, 3133, 3133, 3141)
something's wrong: no file:///d%3A/Coding/scala_vscode/chapter10/Element.scala in Array[<error>]RangePosition(file:///d%3A/Coding/scala_vscode/chapter10/Element.scala, 3133, 3133, 3142)
something's wrong: no file:///d%3A/Coding/scala_vscode/chapter10/Element.scala in Array[<error>]RangePosition(file:///d%3A/Coding/scala_vscode/chapter10/Element.scala, 3133, 3133, 3145)
something's wrong: no file:///d%3A/Coding/scala_vscode/chapter10/Element.scala in Array[String]RangePosition(file:///d%3A/Coding/scala_vscode/chapter10/Element.scala, 3133, 3133, 3146)
something's wrong: no file:///d%3A/Coding/scala_vscode/chapter10/Element.scala in Array[String]RangePosition(file:///d%3A/Coding/scala_vscode/chapter10/Element.scala, 3133, 3133, 3148)
something's wrong: no file:///d%3A/Coding/scala_vscode/chapter10/Element.scala in Array[String]RangePosition(file:///d%3A/Coding/scala_vscode/chapter10/Element.scala, 3133, 3133, 3146)
WARN  no build target: D:\Coding\scala_vscode\chapter10\Element.scala
WARN  no build tool detected in workspace 'D:\Coding\scala_vscode'. The most common cause for this problem is that the editor was opened in the wrong working directory, for example if you use sbt then the workspace directory should contain build.sbt. 
WARN  no build tool detected in workspace 'D:\Coding\scala_vscode'. The most common cause for this problem is that the editor was opened in the wrong working directory, for example if you use sbt then the workspace directory should contain build.sbt. 
WARN  no build tool detected in workspace 'D:\Coding\scala_vscode'. The most common cause for this problem is that the editor was opened in the wrong working directory, for example if you use sbt then the workspace directory should contain build.sbt. 
WARN  no build tool detected in workspace 'D:\Coding\scala_vscode'. The most common cause for this problem is that the editor was opened in the wrong working directory, for example if you use sbt then the workspace directory should contain build.sbt. 
WARN  no build tool detected in workspace 'D:\Coding\scala_vscode'. The most common cause for this problem is that the editor was opened in the wrong working directory, for example if you use sbt then the workspace directory should contain build.sbt. 
WARN  no build tool detected in workspace 'D:\Coding\scala_vscode'. The most common cause for this problem is that the editor was opened in the wrong working directory, for example if you use sbt then the workspace directory should contain build.sbt. 
INFO  shutting down Metals
INFO  time: initialize in 0.61s
WARN  no build tool detected in workspace 'D:\Coding\scala_vscode'. The most common cause for this problem is that the editor was opened in the wrong working directory, for example if you use sbt then the workspace directory should contain build.sbt. 
WARN  no build target: D:\Coding\scala_vscode\chapter10\Element.scala
INFO  no build target: using presentation compiler with only scala-library
WARN  no build target: D:\鯵昔虹希\奄展\DB窪\examples\compo-inherit\Ex12.scala
WARN  no build target: D:\鯵昔虹希\奄展\DB窪\examples\compo-inherit\Spiral.scala
INFO  shutting down Metals
INFO  time: initialize in 0.38s
WARN  no build tool detected in workspace 'D:\Coding\scala_vscode'. The most common cause for this problem is that the editor was opened in the wrong working directory, for example if you use sbt then the workspace directory should contain build.sbt. 
WARN  no build target: D:\Coding\scala_vscode\chapter10\Element.scala
INFO  no build target: using presentation compiler with only scala-library
WARN  no build target: D:\鯵昔虹希\奄展\DB窪\examples\compo-inherit\Ex12.scala
WARN  no build target: D:\鯵昔虹希\奄展\DB窪\examples\compo-inherit\LayoutElement.scala
WARN  no build target: D:\Coding\scala_vscode\chapter10\Element.scala
WARN  no build target: D:\Coding\scala_vscode\chapter10\Element.scala
WARN  no build tool detected in workspace 'D:\Coding\scala_vscode'. The most common cause for this problem is that the editor was opened in the wrong working directory, for example if you use sbt then the workspace directory should contain build.sbt. 
WARN  no build tool detected in workspace 'D:\Coding\scala_vscode'. The most common cause for this problem is that the editor was opened in the wrong working directory, for example if you use sbt then the workspace directory should contain build.sbt. 
WARN  no build target: D:\Coding\scala_vscode\chapter10\Element.scala
WARN  no build tool detected in workspace 'D:\Coding\scala_vscode'. The most common cause for this problem is that the editor was opened in the wrong working directory, for example if you use sbt then the workspace directory should contain build.sbt. 
WARN  no build tool detected in workspace 'D:\Coding\scala_vscode'. The most common cause for this problem is that the editor was opened in the wrong working directory, for example if you use sbt then the workspace directory should contain build.sbt. 
WARN  no build target: D:\Coding\scala_vscode\chapter10\Element.scala
WARN  no build target: D:\Coding\scala_vscode\chapter10\Element.scala
WARN  no build target: D:\鯵昔虹希\奄展\DB窪\examples\compo-inherit\LayoutElement.scala
WARN  no build tool detected in workspace 'D:\Coding\scala_vscode'. The most common cause for this problem is that the editor was opened in the wrong working directory, for example if you use sbt then the workspace directory should contain build.sbt. 
WARN  no build tool detected in workspace 'D:\Coding\scala_vscode'. The most common cause for this problem is that the editor was opened in the wrong working directory, for example if you use sbt then the workspace directory should contain build.sbt. 
WARN  no build tool detected in workspace 'D:\Coding\scala_vscode'. The most common cause for this problem is that the editor was opened in the wrong working directory, for example if you use sbt then the workspace directory should contain build.sbt. 
WARN  no build tool detected in workspace 'D:\Coding\scala_vscode'. The most common cause for this problem is that the editor was opened in the wrong working directory, for example if you use sbt then the workspace directory should contain build.sbt. 
WARN  no build tool detected in workspace 'D:\Coding\scala_vscode'. The most common cause for this problem is that the editor was opened in the wrong working directory, for example if you use sbt then the workspace directory should contain build.sbt. 
WARN  no build tool detected in workspace 'D:\Coding\scala_vscode'. The most common cause for this problem is that the editor was opened in the wrong working directory, for example if you use sbt then the workspace directory should contain build.sbt. 
WARN  no build target: D:\Coding\scala_vscode\chapter10\Element.scala
WARN  no build tool detected in workspace 'D:\Coding\scala_vscode'. The most common cause for this problem is that the editor was opened in the wrong working directory, for example if you use sbt then the workspace directory should contain build.sbt. 
WARN  no build tool detected in workspace 'D:\Coding\scala_vscode'. The most common cause for this problem is that the editor was opened in the wrong working directory, for example if you use sbt then the workspace directory should contain build.sbt. 
WARN  no build tool detected in workspace 'D:\Coding\scala_vscode'. The most common cause for this problem is that the editor was opened in the wrong working directory, for example if you use sbt then the workspace directory should contain build.sbt. 
WARN  no build tool detected in workspace 'D:\Coding\scala_vscode'. The most common cause for this problem is that the editor was opened in the wrong working directory, for example if you use sbt then the workspace directory should contain build.sbt. 
WARN  no build tool detected in workspace 'D:\Coding\scala_vscode'. The most common cause for this problem is that the editor was opened in the wrong working directory, for example if you use sbt then the workspace directory should contain build.sbt. 
WARN  no build tool detected in workspace 'D:\Coding\scala_vscode'. The most common cause for this problem is that the editor was opened in the wrong working directory, for example if you use sbt then the workspace directory should contain build.sbt. 
WARN  no build tool detected in workspace 'D:\Coding\scala_vscode'. The most common cause for this problem is that the editor was opened in the wrong working directory, for example if you use sbt then the workspace directory should contain build.sbt. 
WARN  no build tool detected in workspace 'D:\Coding\scala_vscode'. The most common cause for this problem is that the editor was opened in the wrong working directory, for example if you use sbt then the workspace directory should contain build.sbt. 
WARN  no build tool detected in workspace 'D:\Coding\scala_vscode'. The most common cause for this problem is that the editor was opened in the wrong working directory, for example if you use sbt then the workspace directory should contain build.sbt. 
WARN  no build tool detected in workspace 'D:\Coding\scala_vscode'. The most common cause for this problem is that the editor was opened in the wrong working directory, for example if you use sbt then the workspace directory should contain build.sbt. 
WARN  no build tool detected in workspace 'D:\Coding\scala_vscode'. The most common cause for this problem is that the editor was opened in the wrong working directory, for example if you use sbt then the workspace directory should contain build.sbt. 
WARN  no build tool detected in workspace 'D:\Coding\scala_vscode'. The most common cause for this problem is that the editor was opened in the wrong working directory, for example if you use sbt then the workspace directory should contain build.sbt. 
WARN  no build tool detected in workspace 'D:\Coding\scala_vscode'. The most common cause for this problem is that the editor was opened in the wrong working directory, for example if you use sbt then the workspace directory should contain build.sbt. 
WARN  no build tool detected in workspace 'D:\Coding\scala_vscode'. The most common cause for this problem is that the editor was opened in the wrong working directory, for example if you use sbt then the workspace directory should contain build.sbt. 
something's wrong: no file:///d%3A/%EA%B0%9C%EC%9D%B8%ED%8F%B4%EB%8D%94/%EA%B8%B0%ED%83%80/DB%EB%9E%A9/examples/compo-inherit/LayoutElement.scala in Array[String]RangePosition(file:///d%3A/%EA%B0%9C%EC%9D%B8%ED%8F%B4%EB%8D%94/%EA%B8%B0%ED%83%80/DB%EB%9E%A9/examples/compo-inherit/LayoutElement.scala, 902, 902, 915)
WARN  no build tool detected in workspace 'D:\Coding\scala_vscode'. The most common cause for this problem is that the editor was opened in the wrong working directory, for example if you use sbt then the workspace directory should contain build.sbt. 
WARN  no build tool detected in workspace 'D:\Coding\scala_vscode'. The most common cause for this problem is that the editor was opened in the wrong working directory, for example if you use sbt then the workspace directory should contain build.sbt. 
WARN  no build tool detected in workspace 'D:\Coding\scala_vscode'. The most common cause for this problem is that the editor was opened in the wrong working directory, for example if you use sbt then the workspace directory should contain build.sbt. 
WARN  no build tool detected in workspace 'D:\Coding\scala_vscode'. The most common cause for this problem is that the editor was opened in the wrong working directory, for example if you use sbt then the workspace directory should contain build.sbt. 
WARN  no build tool detected in workspace 'D:\Coding\scala_vscode'. The most common cause for this problem is that the editor was opened in the wrong working directory, for example if you use sbt then the workspace directory should contain build.sbt. 
WARN  no build tool detected in workspace 'D:\Coding\scala_vscode'. The most common cause for this problem is that the editor was opened in the wrong working directory, for example if you use sbt then the workspace directory should contain build.sbt. 
WARN  no build target: D:\Coding\scala_vscode\chapter10\Element.scala
WARN  no build tool detected in workspace 'D:\Coding\scala_vscode'. The most common cause for this problem is that the editor was opened in the wrong working directory, for example if you use sbt then the workspace directory should contain build.sbt. 
WARN  no build tool detected in workspace 'D:\Coding\scala_vscode'. The most common cause for this problem is that the editor was opened in the wrong working directory, for example if you use sbt then the workspace directory should contain build.sbt. 
WARN  no build target: D:\Coding\scala_vscode\chapter10\Element.scala
WARN  no build tool detected in workspace 'D:\Coding\scala_vscode'. The most common cause for this problem is that the editor was opened in the wrong working directory, for example if you use sbt then the workspace directory should contain build.sbt. 
WARN  no build tool detected in workspace 'D:\Coding\scala_vscode'. The most common cause for this problem is that the editor was opened in the wrong working directory, for example if you use sbt then the workspace directory should contain build.sbt. 
WARN  no build tool detected in workspace 'D:\Coding\scala_vscode'. The most common cause for this problem is that the editor was opened in the wrong working directory, for example if you use sbt then the workspace directory should contain build.sbt. 
WARN  no build tool detected in workspace 'D:\Coding\scala_vscode'. The most common cause for this problem is that the editor was opened in the wrong working directory, for example if you use sbt then the workspace directory should contain build.sbt. 
WARN  no build tool detected in workspace 'D:\Coding\scala_vscode'. The most common cause for this problem is that the editor was opened in the wrong working directory, for example if you use sbt then the workspace directory should contain build.sbt. 
WARN  no build tool detected in workspace 'D:\Coding\scala_vscode'. The most common cause for this problem is that the editor was opened in the wrong working directory, for example if you use sbt then the workspace directory should contain build.sbt. 
WARN  no build tool detected in workspace 'D:\Coding\scala_vscode'. The most common cause for this problem is that the editor was opened in the wrong working directory, for example if you use sbt then the workspace directory should contain build.sbt. 
WARN  no build tool detected in workspace 'D:\Coding\scala_vscode'. The most common cause for this problem is that the editor was opened in the wrong working directory, for example if you use sbt then the workspace directory should contain build.sbt. 
WARN  no build tool detected in workspace 'D:\Coding\scala_vscode'. The most common cause for this problem is that the editor was opened in the wrong working directory, for example if you use sbt then the workspace directory should contain build.sbt. 
WARN  no build tool detected in workspace 'D:\Coding\scala_vscode'. The most common cause for this problem is that the editor was opened in the wrong working directory, for example if you use sbt then the workspace directory should contain build.sbt. 
WARN  no build target: D:\Coding\scala_vscode\chapter10\Element.scala
WARN  no build tool detected in workspace 'D:\Coding\scala_vscode'. The most common cause for this problem is that the editor was opened in the wrong working directory, for example if you use sbt then the workspace directory should contain build.sbt. 
WARN  no build tool detected in workspace 'D:\Coding\scala_vscode'. The most common cause for this problem is that the editor was opened in the wrong working directory, for example if you use sbt then the workspace directory should contain build.sbt. 
WARN  no build target: D:\Coding\scala_vscode\chapter10\Element.scala
WARN  no build tool detected in workspace 'D:\Coding\scala_vscode'. The most common cause for this problem is that the editor was opened in the wrong working directory, for example if you use sbt then the workspace directory should contain build.sbt. 
WARN  no build tool detected in workspace 'D:\Coding\scala_vscode'. The most common cause for this problem is that the editor was opened in the wrong working directory, for example if you use sbt then the workspace directory should contain build.sbt. 
WARN  no build tool detected in workspace 'D:\Coding\scala_vscode'. The most common cause for this problem is that the editor was opened in the wrong working directory, for example if you use sbt then the workspace directory should contain build.sbt. 
WARN  no build tool detected in workspace 'D:\Coding\scala_vscode'. The most common cause for this problem is that the editor was opened in the wrong working directory, for example if you use sbt then the workspace directory should contain build.sbt. 
WARN  no build target: D:\Coding\scala_vscode\chapter10\Element.scala
WARN  no build tool detected in workspace 'D:\Coding\scala_vscode'. The most common cause for this problem is that the editor was opened in the wrong working directory, for example if you use sbt then the workspace directory should contain build.sbt. 
WARN  no build tool detected in workspace 'D:\Coding\scala_vscode'. The most common cause for this problem is that the editor was opened in the wrong working directory, for example if you use sbt then the workspace directory should contain build.sbt. 
WARN  no build tool detected in workspace 'D:\Coding\scala_vscode'. The most common cause for this problem is that the editor was opened in the wrong working directory, for example if you use sbt then the workspace directory should contain build.sbt. 
WARN  no build tool detected in workspace 'D:\Coding\scala_vscode'. The most common cause for this problem is that the editor was opened in the wrong working directory, for example if you use sbt then the workspace directory should contain build.sbt. 
WARN  no build tool detected in workspace 'D:\Coding\scala_vscode'. The most common cause for this problem is that the editor was opened in the wrong working directory, for example if you use sbt then the workspace directory should contain build.sbt. 
WARN  no build tool detected in workspace 'D:\Coding\scala_vscode'. The most common cause for this problem is that the editor was opened in the wrong working directory, for example if you use sbt then the workspace directory should contain build.sbt. 
WARN  no build tool detected in workspace 'D:\Coding\scala_vscode'. The most common cause for this problem is that the editor was opened in the wrong working directory, for example if you use sbt then the workspace directory should contain build.sbt. 
WARN  no build tool detected in workspace 'D:\Coding\scala_vscode'. The most common cause for this problem is that the editor was opened in the wrong working directory, for example if you use sbt then the workspace directory should contain build.sbt. 
WARN  no build tool detected in workspace 'D:\Coding\scala_vscode'. The most common cause for this problem is that the editor was opened in the wrong working directory, for example if you use sbt then the workspace directory should contain build.sbt. 
WARN  no build tool detected in workspace 'D:\Coding\scala_vscode'. The most common cause for this problem is that the editor was opened in the wrong working directory, for example if you use sbt then the workspace directory should contain build.sbt. 
WARN  no build tool detected in workspace 'D:\Coding\scala_vscode'. The most common cause for this problem is that the editor was opened in the wrong working directory, for example if you use sbt then the workspace directory should contain build.sbt. 
WARN  no build tool detected in workspace 'D:\Coding\scala_vscode'. The most common cause for this problem is that the editor was opened in the wrong working directory, for example if you use sbt then the workspace directory should contain build.sbt. 
WARN  no build target: D:\Coding\scala_vscode\chapter10\Element.scala
WARN  no build tool detected in workspace 'D:\Coding\scala_vscode'. The most common cause for this problem is that the editor was opened in the wrong working directory, for example if you use sbt then the workspace directory should contain build.sbt. 
WARN  no build tool detected in workspace 'D:\Coding\scala_vscode'. The most common cause for this problem is that the editor was opened in the wrong working directory, for example if you use sbt then the workspace directory should contain build.sbt. 
WARN  no build tool detected in workspace 'D:\Coding\scala_vscode'. The most common cause for this problem is that the editor was opened in the wrong working directory, for example if you use sbt then the workspace directory should contain build.sbt. 
WARN  no build tool detected in workspace 'D:\Coding\scala_vscode'. The most common cause for this problem is that the editor was opened in the wrong working directory, for example if you use sbt then the workspace directory should contain build.sbt. 
WARN  no build tool detected in workspace 'D:\Coding\scala_vscode'. The most common cause for this problem is that the editor was opened in the wrong working directory, for example if you use sbt then the workspace directory should contain build.sbt. 
WARN  no build tool detected in workspace 'D:\Coding\scala_vscode'. The most common cause for this problem is that the editor was opened in the wrong working directory, for example if you use sbt then the workspace directory should contain build.sbt. 
WARN  no build tool detected in workspace 'D:\Coding\scala_vscode'. The most common cause for this problem is that the editor was opened in the wrong working directory, for example if you use sbt then the workspace directory should contain build.sbt. 
WARN  no build tool detected in workspace 'D:\Coding\scala_vscode'. The most common cause for this problem is that the editor was opened in the wrong working directory, for example if you use sbt then the workspace directory should contain build.sbt. 
WARN  no build tool detected in workspace 'D:\Coding\scala_vscode'. The most common cause for this problem is that the editor was opened in the wrong working directory, for example if you use sbt then the workspace directory should contain build.sbt. 
WARN  no build tool detected in workspace 'D:\Coding\scala_vscode'. The most common cause for this problem is that the editor was opened in the wrong working directory, for example if you use sbt then the workspace directory should contain build.sbt. 
WARN  no build tool detected in workspace 'D:\Coding\scala_vscode'. The most common cause for this problem is that the editor was opened in the wrong working directory, for example if you use sbt then the workspace directory should contain build.sbt. 
WARN  no build tool detected in workspace 'D:\Coding\scala_vscode'. The most common cause for this problem is that the editor was opened in the wrong working directory, for example if you use sbt then the workspace directory should contain build.sbt. 
WARN  no build tool detected in workspace 'D:\Coding\scala_vscode'. The most common cause for this problem is that the editor was opened in the wrong working directory, for example if you use sbt then the workspace directory should contain build.sbt. 
WARN  no build tool detected in workspace 'D:\Coding\scala_vscode'. The most common cause for this problem is that the editor was opened in the wrong working directory, for example if you use sbt then the workspace directory should contain build.sbt. 
WARN  no build tool detected in workspace 'D:\Coding\scala_vscode'. The most common cause for this problem is that the editor was opened in the wrong working directory, for example if you use sbt then the workspace directory should contain build.sbt. 
WARN  no build tool detected in workspace 'D:\Coding\scala_vscode'. The most common cause for this problem is that the editor was opened in the wrong working directory, for example if you use sbt then the workspace directory should contain build.sbt. 
WARN  no build target: D:\Coding\scala_vscode\chapter10\Element.scala
WARN  no build tool detected in workspace 'D:\Coding\scala_vscode'. The most common cause for this problem is that the editor was opened in the wrong working directory, for example if you use sbt then the workspace directory should contain build.sbt. 
WARN  no build tool detected in workspace 'D:\Coding\scala_vscode'. The most common cause for this problem is that the editor was opened in the wrong working directory, for example if you use sbt then the workspace directory should contain build.sbt. 
WARN  no build tool detected in workspace 'D:\Coding\scala_vscode'. The most common cause for this problem is that the editor was opened in the wrong working directory, for example if you use sbt then the workspace directory should contain build.sbt. 
WARN  no build tool detected in workspace 'D:\Coding\scala_vscode'. The most common cause for this problem is that the editor was opened in the wrong working directory, for example if you use sbt then the workspace directory should contain build.sbt. 
WARN  no build tool detected in workspace 'D:\Coding\scala_vscode'. The most common cause for this problem is that the editor was opened in the wrong working directory, for example if you use sbt then the workspace directory should contain build.sbt. 
WARN  no build tool detected in workspace 'D:\Coding\scala_vscode'. The most common cause for this problem is that the editor was opened in the wrong working directory, for example if you use sbt then the workspace directory should contain build.sbt. 
WARN  no build tool detected in workspace 'D:\Coding\scala_vscode'. The most common cause for this problem is that the editor was opened in the wrong working directory, for example if you use sbt then the workspace directory should contain build.sbt. 
WARN  no build tool detected in workspace 'D:\Coding\scala_vscode'. The most common cause for this problem is that the editor was opened in the wrong working directory, for example if you use sbt then the workspace directory should contain build.sbt. 
WARN  no build target: D:\Coding\scala_vscode\chapter10\Element.scala
WARN  no build tool detected in workspace 'D:\Coding\scala_vscode'. The most common cause for this problem is that the editor was opened in the wrong working directory, for example if you use sbt then the workspace directory should contain build.sbt. 
WARN  no build tool detected in workspace 'D:\Coding\scala_vscode'. The most common cause for this problem is that the editor was opened in the wrong working directory, for example if you use sbt then the workspace directory should contain build.sbt. 
WARN  no build target: D:\Coding\scala_vscode\chapter10\Element.scala
WARN  no build tool detected in workspace 'D:\Coding\scala_vscode'. The most common cause for this problem is that the editor was opened in the wrong working directory, for example if you use sbt then the workspace directory should contain build.sbt. 
WARN  no build tool detected in workspace 'D:\Coding\scala_vscode'. The most common cause for this problem is that the editor was opened in the wrong working directory, for example if you use sbt then the workspace directory should contain build.sbt. 
WARN  no build tool detected in workspace 'D:\Coding\scala_vscode'. The most common cause for this problem is that the editor was opened in the wrong working directory, for example if you use sbt then the workspace directory should contain build.sbt. 
WARN  no build tool detected in workspace 'D:\Coding\scala_vscode'. The most common cause for this problem is that the editor was opened in the wrong working directory, for example if you use sbt then the workspace directory should contain build.sbt. 
WARN  no build target: D:\Coding\scala_vscode\chapter10\Element.scala
WARN  no build tool detected in workspace 'D:\Coding\scala_vscode'. The most common cause for this problem is that the editor was opened in the wrong working directory, for example if you use sbt then the workspace directory should contain build.sbt. 
WARN  no build tool detected in workspace 'D:\Coding\scala_vscode'. The most common cause for this problem is that the editor was opened in the wrong working directory, for example if you use sbt then the workspace directory should contain build.sbt. 
WARN  no build tool detected in workspace 'D:\Coding\scala_vscode'. The most common cause for this problem is that the editor was opened in the wrong working directory, for example if you use sbt then the workspace directory should contain build.sbt. 
WARN  no build tool detected in workspace 'D:\Coding\scala_vscode'. The most common cause for this problem is that the editor was opened in the wrong working directory, for example if you use sbt then the workspace directory should contain build.sbt. 
WARN  no build target: D:\Coding\scala_vscode\chapter10\Element.scala
WARN  no build target: D:\Coding\scala_vscode\chapter10\Element.scala
WARN  no build tool detected in workspace 'D:\Coding\scala_vscode'. The most common cause for this problem is that the editor was opened in the wrong working directory, for example if you use sbt then the workspace directory should contain build.sbt. 
WARN  no build tool detected in workspace 'D:\Coding\scala_vscode'. The most common cause for this problem is that the editor was opened in the wrong working directory, for example if you use sbt then the workspace directory should contain build.sbt. 
WARN  no build tool detected in workspace 'D:\Coding\scala_vscode'. The most common cause for this problem is that the editor was opened in the wrong working directory, for example if you use sbt then the workspace directory should contain build.sbt. 
WARN  no build tool detected in workspace 'D:\Coding\scala_vscode'. The most common cause for this problem is that the editor was opened in the wrong working directory, for example if you use sbt then the workspace directory should contain build.sbt. 
WARN  no build target: D:\Coding\scala_vscode\chapter10\Element.scala
WARN  no build target: D:\Coding\scala_vscode\chapter10\Element.scala
WARN  no build target: D:\Coding\scala_vscode\chapter10\UniformElement.scala
WARN  no build target: D:\Coding\scala_vscode\chapter10\ArrayElement.scala
WARN  no build target: D:\Coding\scala_vscode\chapter10\LineElement.scala
INFO  shutting down Metals
INFO  time: initialize in 0.4s
WARN  no build tool detected in workspace 'D:\Coding\scala_vscode'. The most common cause for this problem is that the editor was opened in the wrong working directory, for example if you use sbt then the workspace directory should contain build.sbt. 
WARN  no build target: D:\Coding\scala_vscode\ch13_ex1.scala
INFO  no build target: using presentation compiler with only scala-library
11杉 11, 2019 8:57:29 神板 scala.meta.internal.pc.CompilerAccess retryWithCleanCompiler
舛左: compiler crashed due to an error in the Scala compiler, retrying with new compiler instance.
11杉 11, 2019 8:57:29 神板 scala.meta.internal.pc.CompilerAccess handleError
宿唖: null
java.lang.NullPointerException
	at scala.reflect.internal.Definitions$DefinitionsClass.isByNameParamType(Definitions.scala:417)
	at scala.reflect.internal.TreeInfo.isStableIdent(TreeInfo.scala:137)
	at scala.reflect.internal.TreeInfo.isStableIdentifier(TreeInfo.scala:113)
	at scala.reflect.internal.TreeInfo.isPath(TreeInfo.scala:102)
	at scala.reflect.internal.TreeInfo.admitsTypeSelection(TreeInfo.scala:155)
	at scala.tools.nsc.interactive.Global.stabilizedType(Global.scala:959)
	at scala.tools.nsc.interactive.Global.typedTreeAt(Global.scala:807)
	at scala.meta.internal.pc.SignatureHelpProvider.signatureHelp(SignatureHelpProvider.scala:22)

WARN  no build target: D:\Coding\scala_vscode\ch13_ex1.scala
INFO  shutting down Metals
INFO  time: initialize in 0.4s
WARN  no build tool detected in workspace 'D:\Coding\scala_vscode'. The most common cause for this problem is that the editor was opened in the wrong working directory, for example if you use sbt then the workspace directory should contain build.sbt. 
WARN  no build target: D:\Coding\scala_vscode\ch13_ex1.scala
INFO  shutting down Metals
INFO  time: initialize in 0.4s
WARN  no build tool detected in workspace 'D:\Coding\scala_vscode'. The most common cause for this problem is that the editor was opened in the wrong working directory, for example if you use sbt then the workspace directory should contain build.sbt. 
WARN  no build target: D:\Coding\scala_vscode\ch13_ex1.scala
11杉 12, 2019 2:23:53 神板 org.eclipse.lsp4j.jsonrpc.services.GenericEndpoint notify
舛左: Unsupported notification method: $/setTraceNotification
11杉 12, 2019 2:24:26 神板 org.eclipse.lsp4j.jsonrpc.services.GenericEndpoint notify
舛左: Unsupported notification method: $/setTraceNotification
INFO  no build target: using presentation compiler with only scala-library
11杉 12, 2019 2:24:45 神板 org.eclipse.lsp4j.jsonrpc.services.GenericEndpoint notify
舛左: Unsupported notification method: $/setTraceNotification
11杉 12, 2019 2:24:51 神板 org.eclipse.lsp4j.jsonrpc.services.GenericEndpoint notify
舛左: Unsupported notification method: $/setTraceNotification
11杉 12, 2019 2:26:07 神板 org.eclipse.lsp4j.jsonrpc.services.GenericEndpoint notify
舛左: Unsupported notification method: $/setTraceNotification
11杉 12, 2019 2:26:35 神板 org.eclipse.lsp4j.jsonrpc.services.GenericEndpoint notify
舛左: Unsupported notification method: $/setTraceNotification
11杉 12, 2019 2:26:38 神板 org.eclipse.lsp4j.jsonrpc.services.GenericEndpoint notify
舛左: Unsupported notification method: $/setTraceNotification
11杉 12, 2019 2:26:40 神板 org.eclipse.lsp4j.jsonrpc.services.GenericEndpoint notify
舛左: Unsupported notification method: $/setTraceNotification
11杉 12, 2019 2:26:44 神板 org.eclipse.lsp4j.jsonrpc.services.GenericEndpoint notify
舛左: Unsupported notification method: $/setTraceNotification
WARN  no build target: D:\Coding\scala_vscode\chapter13\ch13_ex1.scala
INFO  shutting down Metals
INFO  time: initialize in 0.38s
WARN  no build tool detected in workspace 'D:\Coding\scala_vscode'. The most common cause for this problem is that the editor was opened in the wrong working directory, for example if you use sbt then the workspace directory should contain build.sbt. 
WARN  no build target: D:\Coding\scala_vscode\chapter13\ch13_ex1.scala
WARN  no build target: D:\Coding\scala_vscode\chapter10\Element.scala
INFO  no build target: using presentation compiler with only scala-library
WARN  no build target: D:\Coding\scala_vscode\chapter10\Element.scala
WARN  no build target: D:\Coding\scala_vscode\ch15_ex1.scala
WARN  no build target: D:\Coding\scala_vscode\ch15_ex1.scala
INFO  shutting down Metals
INFO  time: initialize in 0.44s
WARN  no build tool detected in workspace 'D:\Coding\scala_vscode'. The most common cause for this problem is that the editor was opened in the wrong working directory, for example if you use sbt then the workspace directory should contain build.sbt. 
WARN  no build target: D:\Coding\scala_vscode\ch15_ex1.scala
INFO  no build target: using presentation compiler with only scala-library
WARN  no build tool detected in workspace 'D:\Coding\scala_vscode'. The most common cause for this problem is that the editor was opened in the wrong working directory, for example if you use sbt then the workspace directory should contain build.sbt. 
WARN  no build tool detected in workspace 'D:\Coding\scala_vscode'. The most common cause for this problem is that the editor was opened in the wrong working directory, for example if you use sbt then the workspace directory should contain build.sbt. 
11杉 13, 2019 10:32:51 神穿 org.eclipse.lsp4j.jsonrpc.RemoteEndpoint handleCancellation
井壱: Unmatched cancel notification for request id 35
INFO  shutting down Metals
INFO  time: initialize in 0.5s
WARN  no build tool detected in workspace 'D:\Coding\scala_vscode'. The most common cause for this problem is that the editor was opened in the wrong working directory, for example if you use sbt then the workspace directory should contain build.sbt. 
WARN  no build target: D:\Coding\scala_vscode\ch15_ex1.scala
WARN  no build target: D:\Coding\scala_vscode\hello.scala
WARN  no build target: D:\Coding\scala_vscode\FileMatcher.scala
WARN  no build target: D:\Coding\scala_vscode\FindLongLines.scala
WARN  no build target: D:\Coding\scala_vscode\LongLines.scala
WARN  no build target: D:\Coding\scala_vscode\helloworld.scala
INFO  no build target: using presentation compiler with only scala-library
WARN  no build target: D:\Coding\scala_vscode\helloworld.scala
WARN  no build target: D:\Coding\scala_vscode\ch15_ex1.scala
something's wrong: no file:///d%3A/Coding/scala_vscode/helloworld.scala in Array[<error>]RangePosition(file:///d%3A/Coding/scala_vscode/helloworld.scala, 37, 37, 52)
something's wrong: no file:///d%3A/Coding/scala_vscode/helloworld.scala in Array[<error>]RangePosition(file:///d%3A/Coding/scala_vscode/helloworld.scala, 37, 37, 45)
something's wrong: no file:///d%3A/Coding/scala_vscode/helloworld.scala in Array[<error>]RangePosition(file:///d%3A/Coding/scala_vscode/helloworld.scala, 37, 37, 46)
something's wrong: no file:///d%3A/Coding/scala_vscode/helloworld.scala in Array[<error>]RangePosition(file:///d%3A/Coding/scala_vscode/helloworld.scala, 37, 37, 48)
something's wrong: no file:///d%3A/Coding/scala_vscode/helloworld.scala in Array[<error>]RangePosition(file:///d%3A/Coding/scala_vscode/helloworld.scala, 37, 37, 49)
something's wrong: no file:///d%3A/Coding/scala_vscode/helloworld.scala in Array[String]RangePosition(file:///d%3A/Coding/scala_vscode/helloworld.scala, 37, 37, 50)
something's wrong: no file:///d%3A/Coding/scala_vscode/helloworld.scala in Array[String]RangePosition(file:///d%3A/Coding/scala_vscode/helloworld.scala, 37, 37, 50)
something's wrong: no file:///d%3A/Coding/scala_vscode/helloworld.scala in Array[String]RangePosition(file:///d%3A/Coding/scala_vscode/helloworld.scala, 37, 37, 50)
WARN  no build target: D:\Coding\scala_vscode\helloworld.scala
WARN  no build target: D:\Coding\scala_vscode\helloworld.scala
WARN  no build target: D:\Coding\scala_vscode\ch15_ex1.scala
WARN  no build target: D:\Coding\scala_vscode\note.scala
something's wrong: no file:///d%3A/Coding/scala_vscode/note.scala in List[<error>]RangePosition(file:///d%3A/Coding/scala_vscode/note.scala, 148, 148, 162)
something's wrong: no file:///d%3A/Coding/scala_vscode/note.scala in List[<error>]RangePosition(file:///d%3A/Coding/scala_vscode/note.scala, 148, 148, 155)
something's wrong: no file:///d%3A/Coding/scala_vscode/note.scala in List[Int]RangePosition(file:///d%3A/Coding/scala_vscode/note.scala, 148, 148, 157)
WARN  no build tool detected in workspace 'D:\Coding\scala_vscode'. The most common cause for this problem is that the editor was opened in the wrong working directory, for example if you use sbt then the workspace directory should contain build.sbt. 
WARN  no build tool detected in workspace 'D:\Coding\scala_vscode'. The most common cause for this problem is that the editor was opened in the wrong working directory, for example if you use sbt then the workspace directory should contain build.sbt. 
INFO  shutting down Metals
INFO  time: initialize in 0.47s
WARN  no build tool detected in workspace 'D:\Coding\scala_vscode'. The most common cause for this problem is that the editor was opened in the wrong working directory, for example if you use sbt then the workspace directory should contain build.sbt. 
WARN  no build target: D:\Coding\scala_vscode\note.scala
INFO  no build target: using presentation compiler with only scala-library
something's wrong: no file:///d%3A/Coding/scala_vscode/note.scala in List[<error>]RangePosition(file:///d%3A/Coding/scala_vscode/note.scala, 527, 527, 541)
something's wrong: no file:///d%3A/Coding/scala_vscode/note.scala in List[T]RangePosition(file:///d%3A/Coding/scala_vscode/note.scala, 527, 527, 534)
something's wrong: no file:///d%3A/Coding/scala_vscode/note.scala in List[T]RangePosition(file:///d%3A/Coding/scala_vscode/note.scala, 527, 527, 534)
something's wrong: no file:///d%3A/Coding/scala_vscode/note.scala in List[T]RangePosition(file:///d%3A/Coding/scala_vscode/note.scala, 527, 527, 534)
something's wrong: no file:///d%3A/Coding/scala_vscode/note.scala in List[<error>]RangePosition(file:///d%3A/Coding/scala_vscode/note.scala, 539, 539, 553)
something's wrong: no file:///d%3A/Coding/scala_vscode/note.scala in List[T]RangePosition(file:///d%3A/Coding/scala_vscode/note.scala, 539, 539, 546)
something's wrong: no file:///d%3A/Coding/scala_vscode/note.scala in List[T]RangePosition(file:///d%3A/Coding/scala_vscode/note.scala, 539, 539, 546)
something's wrong: no file:///d%3A/Coding/scala_vscode/note.scala in List[T]RangePosition(file:///d%3A/Coding/scala_vscode/note.scala, 539, 539, 546)
WARN  no build target: D:\Coding\scala_vscode\ch16_note.scala
WARN  no build tool detected in workspace 'D:\Coding\scala_vscode'. The most common cause for this problem is that the editor was opened in the wrong working directory, for example if you use sbt then the workspace directory should contain build.sbt. 
WARN  no build tool detected in workspace 'D:\Coding\scala_vscode'. The most common cause for this problem is that the editor was opened in the wrong working directory, for example if you use sbt then the workspace directory should contain build.sbt. 
WARN  no build target: D:\Coding\scala_vscode\ch16_note.scala
something's wrong: no file:///d%3A/Coding/scala_vscode/ch16_note.scala in List[T]RangePosition(file:///d%3A/Coding/scala_vscode/ch16_note.scala, 599, 599, 606)
WARN  no build target: D:\Coding\scala_vscode\ch16_note.scala
INFO  shutting down Metals
INFO  time: initialize in 0.51s
WARN  no build tool detected in workspace 'D:\Coding\scala_vscode'. The most common cause for this problem is that the editor was opened in the wrong working directory, for example if you use sbt then the workspace directory should contain build.sbt. 
WARN  no build target: D:\Coding\scala_vscode\ch16_note.scala
11杉 21, 2019 10:24:29 神板 org.eclipse.lsp4j.jsonrpc.services.GenericEndpoint notify
舛左: Unsupported notification method: $/setTraceNotification
INFO  shutting down Metals
INFO  time: initialize in 0.59s
WARN  no build tool detected in workspace 'D:\Coding\scala_vscode'. The most common cause for this problem is that the editor was opened in the wrong working directory, for example if you use sbt then the workspace directory should contain build.sbt. 
WARN  no build target: D:\Coding\scala_vscode\ch16_note.scala
11杉 21, 2019 10:26:12 神板 org.eclipse.lsp4j.jsonrpc.services.GenericEndpoint notify
舛左: Unsupported notification method: $/setTraceNotification
INFO  shutting down Metals
INFO  time: initialize in 0.43s
WARN  no build tool detected in workspace 'D:\Coding\scala_vscode'. The most common cause for this problem is that the editor was opened in the wrong working directory, for example if you use sbt then the workspace directory should contain build.sbt. 
WARN  no build target: D:\Coding\scala_vscode\ch16_note.scala
INFO  no build target: using presentation compiler with only scala-library
something's wrong: no file:///d%3A/Coding/scala_vscode/ch16_note.scala in List[<error>]RangePosition(file:///d%3A/Coding/scala_vscode/ch16_note.scala, 890, 890, 904)
something's wrong: no file:///d%3A/Coding/scala_vscode/ch16_note.scala in List[<error>]RangePosition(file:///d%3A/Coding/scala_vscode/ch16_note.scala, 890, 890, 897)
something's wrong: no file:///d%3A/Coding/scala_vscode/ch16_note.scala in List[<error>]RangePosition(file:///d%3A/Coding/scala_vscode/ch16_note.scala, 890, 890, 904)
something's wrong: no file:///d%3A/Coding/scala_vscode/ch16_note.scala in List[T]RangePosition(file:///d%3A/Coding/scala_vscode/ch16_note.scala, 890, 890, 897)
something's wrong: no file:///d%3A/Coding/scala_vscode/ch16_note.scala in List[T]RangePosition(file:///d%3A/Coding/scala_vscode/ch16_note.scala, 890, 890, 897)
something's wrong: no file:///d%3A/Coding/scala_vscode/ch16_note.scala in List[T]RangePosition(file:///d%3A/Coding/scala_vscode/ch16_note.scala, 890, 890, 897)
something's wrong: no file:///d%3A/Coding/scala_vscode/ch16_note.scala in List[<error>]RangePosition(file:///d%3A/Coding/scala_vscode/ch16_note.scala, 1621, 1621, 1635)
something's wrong: no file:///d%3A/Coding/scala_vscode/ch16_note.scala in List[T]RangePosition(file:///d%3A/Coding/scala_vscode/ch16_note.scala, 1621, 1621, 1628)
something's wrong: no file:///d%3A/Coding/scala_vscode/ch16_note.scala in List[T]RangePosition(file:///d%3A/Coding/scala_vscode/ch16_note.scala, 1621, 1621, 1628)
something's wrong: no file:///d%3A/Coding/scala_vscode/ch16_note.scala in List[T]RangePosition(file:///d%3A/Coding/scala_vscode/ch16_note.scala, 1621, 1621, 1628)
something's wrong: no file:///d%3A/Coding/scala_vscode/ch16_note.scala in List[<error>]RangePosition(file:///d%3A/Coding/scala_vscode/ch16_note.scala, 1661, 1661, 1675)
something's wrong: no file:///d%3A/Coding/scala_vscode/ch16_note.scala in List[T]RangePosition(file:///d%3A/Coding/scala_vscode/ch16_note.scala, 1661, 1661, 1668)
something's wrong: no file:///d%3A/Coding/scala_vscode/ch16_note.scala in List[T]RangePosition(file:///d%3A/Coding/scala_vscode/ch16_note.scala, 1661, 1661, 1668)
something's wrong: no file:///d%3A/Coding/scala_vscode/ch16_note.scala in List[T]RangePosition(file:///d%3A/Coding/scala_vscode/ch16_note.scala, 1661, 1661, 1668)
something's wrong: no file:///d%3A/Coding/scala_vscode/ch16_note.scala in List[<error>]RangePosition(file:///d%3A/Coding/scala_vscode/ch16_note.scala, 1674, 1674, 1688)
something's wrong: no file:///d%3A/Coding/scala_vscode/ch16_note.scala in List[T]RangePosition(file:///d%3A/Coding/scala_vscode/ch16_note.scala, 1674, 1674, 1681)
something's wrong: no file:///d%3A/Coding/scala_vscode/ch16_note.scala in List[T]RangePosition(file:///d%3A/Coding/scala_vscode/ch16_note.scala, 1674, 1674, 1681)
something's wrong: no file:///d%3A/Coding/scala_vscode/ch16_note.scala in List[T]RangePosition(file:///d%3A/Coding/scala_vscode/ch16_note.scala, 1674, 1674, 1681)
11杉 21, 2019 11:39:12 神板 scala.meta.internal.pc.CompilerAccess handleError
宿唖: null
java.lang.NullPointerException
	at scala.meta.internal.pc.HoverProvider.seenFromType(HoverProvider.scala:106)
	at scala.meta.internal.pc.HoverProvider.hover(HoverProvider.scala:42)

INFO  shutting down Metals
INFO  time: initialize in 0.47s
WARN  no build tool detected in workspace 'D:\Coding\scala_vscode'. The most common cause for this problem is that the editor was opened in the wrong working directory, for example if you use sbt then the workspace directory should contain build.sbt. 
WARN  no build target: D:\Coding\scala_vscode\ch16_note.scala
INFO  no build target: using presentation compiler with only scala-library
something's wrong: no file:///d%3A/Coding/scala_vscode/ch16_note.scala in List[<error>]RangePosition(file:///d%3A/Coding/scala_vscode/ch16_note.scala, 2136, 2136, 2150)
something's wrong: no file:///d%3A/Coding/scala_vscode/ch16_note.scala in List[<error>]RangePosition(file:///d%3A/Coding/scala_vscode/ch16_note.scala, 2136, 2136, 2143)
something's wrong: no file:///d%3A/Coding/scala_vscode/ch16_note.scala in List[<error>]RangePosition(file:///d%3A/Coding/scala_vscode/ch16_note.scala, 2136, 2136, 2144)
something's wrong: no file:///d%3A/Coding/scala_vscode/ch16_note.scala in List[Int]RangePosition(file:///d%3A/Coding/scala_vscode/ch16_note.scala, 2136, 2136, 2145)
something's wrong: no file:///d%3A/Coding/scala_vscode/ch16_note.scala in List[Int]RangePosition(file:///d%3A/Coding/scala_vscode/ch16_note.scala, 2136, 2136, 2145)
something's wrong: no file:///d%3A/Coding/scala_vscode/ch16_note.scala in List[Int]RangePosition(file:///d%3A/Coding/scala_vscode/ch16_note.scala, 2136, 2136, 2145)
11杉 22, 2019 4:18:34 神板 scala.meta.internal.pc.CompletionProvider expected$1
井壱: null
something's wrong: no file:///d%3A/Coding/scala_vscode/ch16_note.scala in List[<error>]RangePosition(file:///d%3A/Coding/scala_vscode/ch16_note.scala, 2186, 2186, 2200)
something's wrong: no file:///d%3A/Coding/scala_vscode/ch16_note.scala in List[<error>]RangePosition(file:///d%3A/Coding/scala_vscode/ch16_note.scala, 2186, 2186, 2193)
something's wrong: no file:///d%3A/Coding/scala_vscode/ch16_note.scala in List[Int]RangePosition(file:///d%3A/Coding/scala_vscode/ch16_note.scala, 2186, 2186, 2195)
something's wrong: no file:///d%3A/Coding/scala_vscode/ch16_note.scala in List[Int]RangePosition(file:///d%3A/Coding/scala_vscode/ch16_note.scala, 2186, 2186, 2195)
something's wrong: no file:///d%3A/Coding/scala_vscode/ch16_note.scala in List[Int]RangePosition(file:///d%3A/Coding/scala_vscode/ch16_note.scala, 2186, 2186, 2195)
11杉 22, 2019 4:19:00 神板 scala.meta.internal.pc.CompletionProvider expected$1
井壱: null
11杉 22, 2019 4:19:02 神板 scala.meta.internal.pc.CompletionProvider expected$1
井壱: null
something's wrong: no file:///d%3A/Coding/scala_vscode/ch16_note.scala in List[<error>]RangePosition(file:///d%3A/Coding/scala_vscode/ch16_note.scala, 2142, 2142, 2156)
something's wrong: no file:///d%3A/Coding/scala_vscode/ch16_note.scala in List[<error>]RangePosition(file:///d%3A/Coding/scala_vscode/ch16_note.scala, 2142, 2142, 2149)
something's wrong: no file:///d%3A/Coding/scala_vscode/ch16_note.scala in List[<error>]RangePosition(file:///d%3A/Coding/scala_vscode/ch16_note.scala, 2142, 2142, 2152)
something's wrong: no file:///d%3A/Coding/scala_vscode/ch16_note.scala in List[<error>]RangePosition(file:///d%3A/Coding/scala_vscode/ch16_note.scala, 2147, 2147, 2161)
something's wrong: no file:///d%3A/Coding/scala_vscode/ch16_note.scala in List[<error>]RangePosition(file:///d%3A/Coding/scala_vscode/ch16_note.scala, 2147, 2147, 2154)
something's wrong: no file:///d%3A/Coding/scala_vscode/ch16_note.scala in List[Int]RangePosition(file:///d%3A/Coding/scala_vscode/ch16_note.scala, 2147, 2147, 2156)
WARN  no build tool detected in workspace 'D:\Coding\scala_vscode'. The most common cause for this problem is that the editor was opened in the wrong working directory, for example if you use sbt then the workspace directory should contain build.sbt. 
WARN  no build tool detected in workspace 'D:\Coding\scala_vscode'. The most common cause for this problem is that the editor was opened in the wrong working directory, for example if you use sbt then the workspace directory should contain build.sbt. 
WARN  no build target: D:\Coding\scala_vscode\ch16_note.scala
WARN  no build target: D:\Coding\scala_vscode\chapter16\ch16_note.scala
WARN  no build target: D:\Coding\scala_vscode\helloworld.scala
WARN  no build target: D:\Coding\scala_vscode\LongLines.scala
WARN  no build target: D:\Coding\scala_vscode\helloworld.scala
WARN  no build target: D:\Coding\scala_vscode\FindLongLines.scala
WARN  no build target: D:\Coding\scala_vscode\helloworld.scala
INFO  shutting down Metals
INFO  time: initialize in 0.45s
WARN  no build tool detected in workspace 'D:\Coding\scala_vscode'. The most common cause for this problem is that the editor was opened in the wrong working directory, for example if you use sbt then the workspace directory should contain build.sbt. 
WARN  no build target: D:\Coding\scala_vscode\ch15_ex1.scala
INFO  no build target: using presentation compiler with only scala-library
WARN  no build tool detected in workspace 'D:\Coding\scala_vscode'. The most common cause for this problem is that the editor was opened in the wrong working directory, for example if you use sbt then the workspace directory should contain build.sbt. 
WARN  no build tool detected in workspace 'D:\Coding\scala_vscode'. The most common cause for this problem is that the editor was opened in the wrong working directory, for example if you use sbt then the workspace directory should contain build.sbt. 
WARN  no build tool detected in workspace 'D:\Coding\scala_vscode'. The most common cause for this problem is that the editor was opened in the wrong working directory, for example if you use sbt then the workspace directory should contain build.sbt. 
WARN  no build tool detected in workspace 'D:\Coding\scala_vscode'. The most common cause for this problem is that the editor was opened in the wrong working directory, for example if you use sbt then the workspace directory should contain build.sbt. 
WARN  no build tool detected in workspace 'D:\Coding\scala_vscode'. The most common cause for this problem is that the editor was opened in the wrong working directory, for example if you use sbt then the workspace directory should contain build.sbt. 
WARN  no build tool detected in workspace 'D:\Coding\scala_vscode'. The most common cause for this problem is that the editor was opened in the wrong working directory, for example if you use sbt then the workspace directory should contain build.sbt. 
WARN  no build tool detected in workspace 'D:\Coding\scala_vscode'. The most common cause for this problem is that the editor was opened in the wrong working directory, for example if you use sbt then the workspace directory should contain build.sbt. 
WARN  no build tool detected in workspace 'D:\Coding\scala_vscode'. The most common cause for this problem is that the editor was opened in the wrong working directory, for example if you use sbt then the workspace directory should contain build.sbt. 
WARN  no build tool detected in workspace 'D:\Coding\scala_vscode'. The most common cause for this problem is that the editor was opened in the wrong working directory, for example if you use sbt then the workspace directory should contain build.sbt. 
WARN  no build tool detected in workspace 'D:\Coding\scala_vscode'. The most common cause for this problem is that the editor was opened in the wrong working directory, for example if you use sbt then the workspace directory should contain build.sbt. 
WARN  no build target: D:\Coding\scala_vscode\ch15_ex1.scala
WARN  no build tool detected in workspace 'D:\Coding\scala_vscode'. The most common cause for this problem is that the editor was opened in the wrong working directory, for example if you use sbt then the workspace directory should contain build.sbt. 
WARN  no build tool detected in workspace 'D:\Coding\scala_vscode'. The most common cause for this problem is that the editor was opened in the wrong working directory, for example if you use sbt then the workspace directory should contain build.sbt. 
INFO  shutting down Metals
INFO  time: initialize in 0.38s
WARN  no build tool detected in workspace 'D:\Coding\scala_vscode'. The most common cause for this problem is that the editor was opened in the wrong working directory, for example if you use sbt then the workspace directory should contain build.sbt. 
WARN  no build target: D:\Coding\scala_vscode\ch15_ex1.scala
INFO  no build target: using presentation compiler with only scala-library
WARN  no build target: D:\Coding\scala_vscode\spark_ch12.scala
WARN  no build target: D:\Coding\scala_vscode\ch15_ex1.scala
WARN  no build target: D:\Coding\scala_vscode\ch15_ex1.scala
WARN  no build target: D:\Coding\scala_vscode\ch15_ex1.scala
WARN  no build target: D:\Coding\scala_vscode\ch15_ex1.scala
WARN  no build target: D:\Coding\scala_vscode\ch15_ex1.scala
WARN  no build target: D:\Coding\scala_vscode\ch15_ex1.scala
WARN  no build target: D:\Coding\scala_vscode\spark_ch12.scala
WARN  no build tool detected in workspace 'D:\Coding\scala_vscode'. The most common cause for this problem is that the editor was opened in the wrong working directory, for example if you use sbt then the workspace directory should contain build.sbt. 
WARN  no build tool detected in workspace 'D:\Coding\scala_vscode'. The most common cause for this problem is that the editor was opened in the wrong working directory, for example if you use sbt then the workspace directory should contain build.sbt. 
WARN  no build tool detected in workspace 'D:\Coding\scala_vscode'. The most common cause for this problem is that the editor was opened in the wrong working directory, for example if you use sbt then the workspace directory should contain build.sbt. 
WARN  no build tool detected in workspace 'D:\Coding\scala_vscode'. The most common cause for this problem is that the editor was opened in the wrong working directory, for example if you use sbt then the workspace directory should contain build.sbt. 
WARN  no build target: D:\Coding\scala_vscode\spark_ch12.scala
WARN  no build target: D:\Coding\scala_vscode\spark_ch12.scala
INFO  shutting down Metals
INFO  time: initialize in 0.54s
WARN  no build tool detected in workspace 'D:\Coding\scala_vscode'. The most common cause for this problem is that the editor was opened in the wrong working directory, for example if you use sbt then the workspace directory should contain build.sbt. 
WARN  no build target: D:\Coding\scala_vscode\spark_ch12.scala
WARN  no build tool detected in workspace 'D:\Coding\scala_vscode'. The most common cause for this problem is that the editor was opened in the wrong working directory, for example if you use sbt then the workspace directory should contain build.sbt. 
WARN  no build tool detected in workspace 'D:\Coding\scala_vscode'. The most common cause for this problem is that the editor was opened in the wrong working directory, for example if you use sbt then the workspace directory should contain build.sbt. 
INFO  no build target: using presentation compiler with only scala-library
WARN  no build tool detected in workspace 'D:\Coding\scala_vscode'. The most common cause for this problem is that the editor was opened in the wrong working directory, for example if you use sbt then the workspace directory should contain build.sbt. 
WARN  no build tool detected in workspace 'D:\Coding\scala_vscode'. The most common cause for this problem is that the editor was opened in the wrong working directory, for example if you use sbt then the workspace directory should contain build.sbt. 
WARN  no build tool detected in workspace 'D:\Coding\scala_vscode'. The most common cause for this problem is that the editor was opened in the wrong working directory, for example if you use sbt then the workspace directory should contain build.sbt. 
WARN  no build tool detected in workspace 'D:\Coding\scala_vscode'. The most common cause for this problem is that the editor was opened in the wrong working directory, for example if you use sbt then the workspace directory should contain build.sbt. 
12杉 14, 2019 3:27:43 神板 scala.meta.internal.pc.CompletionProvider expected$1
井壱: String index out of range: -1
WARN  no build tool detected in workspace 'D:\Coding\scala_vscode'. The most common cause for this problem is that the editor was opened in the wrong working directory, for example if you use sbt then the workspace directory should contain build.sbt. 
WARN  no build tool detected in workspace 'D:\Coding\scala_vscode'. The most common cause for this problem is that the editor was opened in the wrong working directory, for example if you use sbt then the workspace directory should contain build.sbt. 
something's wrong: no file:///d%3A/Coding/scala_vscode/spark_ch12.scala in Iterator[<error>]RangePosition(file:///d%3A/Coding/scala_vscode/spark_ch12.scala, 2055, 2055, 2073)
something's wrong: no file:///d%3A/Coding/scala_vscode/spark_ch12.scala in Iterator[<error>]RangePosition(file:///d%3A/Coding/scala_vscode/spark_ch12.scala, 2055, 2055, 2066)
something's wrong: no file:///d%3A/Coding/scala_vscode/spark_ch12.scala in Iterator[<error>]RangePosition(file:///d%3A/Coding/scala_vscode/spark_ch12.scala, 2055, 2055, 2067)
something's wrong: no file:///d%3A/Coding/scala_vscode/spark_ch12.scala in Iterator[<error>]RangePosition(file:///d%3A/Coding/scala_vscode/spark_ch12.scala, 2055, 2055, 2070)
something's wrong: no file:///d%3A/Coding/scala_vscode/spark_ch12.scala in Iterator[String]RangePosition(file:///d%3A/Coding/scala_vscode/spark_ch12.scala, 2055, 2055, 2071)
something's wrong: no file:///d%3A/Coding/scala_vscode/spark_ch12.scala in Iterator[String]RangePosition(file:///d%3A/Coding/scala_vscode/spark_ch12.scala, 2055, 2055, 2071)
something's wrong: no file:///d%3A/Coding/scala_vscode/spark_ch12.scala in Iterator[String]RangePosition(file:///d%3A/Coding/scala_vscode/spark_ch12.scala, 2055, 2055, 2071)
WARN  no build target: D:\Coding\scala_vscode\spark_ch12.scala
WARN  no build target: D:\Coding\scala_vscode\spark_note\spark_ch12.scala
WARN  no build target: D:\Coding\scala_vscode\spark_ch13.scala
WARN  no build target: D:\Coding\scala_vscode\spark_note\spark_ch13.scala
WARN  no build target: D:\Coding\scala_vscode\spark_note\spark_ch13.scala
WARN  no build target: D:\Coding\scala_vscode\spark_note\spark_ch13.scala
WARN  no build target: D:\Coding\scala_vscode\Programming_in_Scala\ch2_note.scala
WARN  no build target: D:\Coding\scala_vscode\Programming_in_Scala\ch2_note.scala
12杉 14, 2019 4:49:42 神板 scala.meta.internal.pc.CompilerAccess retryWithCleanCompiler
舛左: compiler crashed due to an error in the Scala compiler, retrying with new compiler instance.
12杉 14, 2019 4:49:42 神板 scala.meta.internal.pc.CompilerAccess handleError
宿唖: null
java.lang.NullPointerException
	at scala.reflect.internal.Definitions$DefinitionsClass.isByNameParamType(Definitions.scala:417)
	at scala.reflect.internal.TreeInfo.isStableIdent(TreeInfo.scala:137)
	at scala.reflect.internal.TreeInfo.isStableIdentifier(TreeInfo.scala:113)
	at scala.reflect.internal.TreeInfo.isPath(TreeInfo.scala:102)
	at scala.reflect.internal.TreeInfo.admitsTypeSelection(TreeInfo.scala:155)
	at scala.tools.nsc.interactive.Global.stabilizedType(Global.scala:959)
	at scala.tools.nsc.interactive.Global.typedTreeAt(Global.scala:807)
	at scala.meta.internal.pc.SignatureHelpProvider.signatureHelp(SignatureHelpProvider.scala:22)

WARN  no build target: D:\Coding\scala_vscode\Programming_in_Scala\ch2_note.scala
WARN  no build target: D:\Coding\scala_vscode\Programming_in_Scala\chapter2\ch2_note.scala
WARN  no build target: D:\Coding\scala_vscode\Programming_in_Scala\chapter2\hello.scala
WARN  no build target: D:\Coding\scala_vscode\Programming_in_Scala\chapter2\hello.scala
WARN  no build target: D:\Coding\scala_vscode\Programming_in_Scala\chapter2\helloarg.scala
WARN  no build target: D:\Coding\scala_vscode\Programming_in_Scala\chapter2\helloarg.scala
WARN  no build target: D:\Coding\scala_vscode\Programming_in_Scala\chapter2\helloarg.scala
WARN  no build target: D:\Coding\scala_vscode\Programming_in_Scala\chapter2\printargs.scala
WARN  no build target: D:\Coding\scala_vscode\Programming_in_Scala\chapter2\printargs.scala
WARN  no build target: D:\Coding\scala_vscode\Programming_in_Scala\chapter2\echoargs.scala
WARN  no build target: D:\Coding\scala_vscode\Programming_in_Scala\chapter2\echoargs.scala
WARN  no build target: D:\Coding\scala_vscode\Programming_in_Scala\chapter2\pa.scala
WARN  no build target: D:\Coding\scala_vscode\Programming_in_Scala\chapter2\pa.scala
WARN  no build target: D:\Coding\scala_vscode\Programming_in_Scala\chapter2\pa.scala
WARN  no build target: D:\Coding\scala_vscode\Programming_in_Scala\chapter2\pa.scala
WARN  no build target: D:\Coding\scala_vscode\Programming_in_Scala\chapter2\pa.scala
WARN  no build target: D:\Coding\scala_vscode\Programming_in_Scala\chapter2\forargs.scala
WARN  no build target: D:\Coding\scala_vscode\Programming_in_Scala\chapter2\forargs.scala
WARN  no build target: D:\Coding\scala_vscode\Programming_in_Scala\chapter3\ch3_note.scala
WARN  no build target: D:\Coding\scala_vscode\Programming_in_Scala\chapter3\ch3_note.scala
something's wrong: no file:///d%3A/Coding/scala_vscode/Programming_in_Scala/chapter3/ch3_note.scala in Array[<error>]RangePosition(file:///d%3A/Coding/scala_vscode/Programming_in_Scala/chapter3/ch3_note.scala, 128, 128, 143)
something's wrong: no file:///d%3A/Coding/scala_vscode/Programming_in_Scala/chapter3/ch3_note.scala in Array[<error>]RangePosition(file:///d%3A/Coding/scala_vscode/Programming_in_Scala/chapter3/ch3_note.scala, 128, 128, 136)
something's wrong: no file:///d%3A/Coding/scala_vscode/Programming_in_Scala/chapter3/ch3_note.scala in Array[<error>]RangePosition(file:///d%3A/Coding/scala_vscode/Programming_in_Scala/chapter3/ch3_note.scala, 128, 128, 137)
something's wrong: no file:///d%3A/Coding/scala_vscode/Programming_in_Scala/chapter3/ch3_note.scala in Array[<error>]RangePosition(file:///d%3A/Coding/scala_vscode/Programming_in_Scala/chapter3/ch3_note.scala, 128, 128, 140)
something's wrong: no file:///d%3A/Coding/scala_vscode/Programming_in_Scala/chapter3/ch3_note.scala in Array[String]RangePosition(file:///d%3A/Coding/scala_vscode/Programming_in_Scala/chapter3/ch3_note.scala, 128, 128, 141)
something's wrong: no file:///d%3A/Coding/scala_vscode/Programming_in_Scala/chapter3/ch3_note.scala in Array[String]RangePosition(file:///d%3A/Coding/scala_vscode/Programming_in_Scala/chapter3/ch3_note.scala, 128, 128, 141)
something's wrong: no file:///d%3A/Coding/scala_vscode/Programming_in_Scala/chapter3/ch3_note.scala in Array[String]RangePosition(file:///d%3A/Coding/scala_vscode/Programming_in_Scala/chapter3/ch3_note.scala, 128, 128, 141)
12杉 14, 2019 5:58:31 神板 scala.meta.internal.pc.CompletionProvider expected$1
井壱: String index out of range: -1
12杉 14, 2019 6:16:38 神板 scala.meta.internal.pc.CompletionProvider expected$1
井壱: String index out of range: -1
WARN  no build target: D:\Coding\scala_vscode\Programming_in_Scala\chapter3\ch3_note.scala
WARN  no build target: D:\Coding\scala_vscode\Programming_in_Scala\chapter3\ch3_note.scala
WARN  no build tool detected in workspace 'D:\Coding\scala_vscode'. The most common cause for this problem is that the editor was opened in the wrong working directory, for example if you use sbt then the workspace directory should contain build.sbt. 
WARN  no build tool detected in workspace 'D:\Coding\scala_vscode'. The most common cause for this problem is that the editor was opened in the wrong working directory, for example if you use sbt then the workspace directory should contain build.sbt. 
12杉 14, 2019 6:49:01 神板 scala.meta.internal.pc.CompletionProvider expected$1
井壱: String index out of range: -1
12杉 14, 2019 6:52:02 神板 org.eclipse.lsp4j.jsonrpc.RemoteEndpoint handleCancellation
井壱: Unmatched cancel notification for request id 5498
something's wrong: no file:///d%3A/Coding/scala_vscode/Programming_in_Scala/chapter3/ch3_note.scala in Array[<error>]RangePosition(file:///d%3A/Coding/scala_vscode/Programming_in_Scala/chapter3/ch3_note.scala, 2030, 2030, 2045)
something's wrong: no file:///d%3A/Coding/scala_vscode/Programming_in_Scala/chapter3/ch3_note.scala in Array[<error>]RangePosition(file:///d%3A/Coding/scala_vscode/Programming_in_Scala/chapter3/ch3_note.scala, 2030, 2030, 2039)
something's wrong: no file:///d%3A/Coding/scala_vscode/Programming_in_Scala/chapter3/ch3_note.scala in Array[<error>]RangePosition(file:///d%3A/Coding/scala_vscode/Programming_in_Scala/chapter3/ch3_note.scala, 2030, 2030, 2042)
something's wrong: no file:///d%3A/Coding/scala_vscode/Programming_in_Scala/chapter3/ch3_note.scala in Array[String]RangePosition(file:///d%3A/Coding/scala_vscode/Programming_in_Scala/chapter3/ch3_note.scala, 2030, 2030, 2043)
something's wrong: no file:///d%3A/Coding/scala_vscode/Programming_in_Scala/chapter3/ch3_note.scala in Array[String]RangePosition(file:///d%3A/Coding/scala_vscode/Programming_in_Scala/chapter3/ch3_note.scala, 2030, 2030, 2043)
something's wrong: no file:///d%3A/Coding/scala_vscode/Programming_in_Scala/chapter3/ch3_note.scala in Array[String]RangePosition(file:///d%3A/Coding/scala_vscode/Programming_in_Scala/chapter3/ch3_note.scala, 2030, 2030, 2043)
something's wrong: no file:///d%3A/Coding/scala_vscode/Programming_in_Scala/chapter3/ch3_note.scala in Array[<error>]RangePosition(file:///d%3A/Coding/scala_vscode/Programming_in_Scala/chapter3/ch3_note.scala, 2179, 2179, 2194)
something's wrong: no file:///d%3A/Coding/scala_vscode/Programming_in_Scala/chapter3/ch3_note.scala in Array[<error>]RangePosition(file:///d%3A/Coding/scala_vscode/Programming_in_Scala/chapter3/ch3_note.scala, 2179, 2179, 2187)
something's wrong: no file:///d%3A/Coding/scala_vscode/Programming_in_Scala/chapter3/ch3_note.scala in Array[<error>]RangePosition(file:///d%3A/Coding/scala_vscode/Programming_in_Scala/chapter3/ch3_note.scala, 2179, 2179, 2188)
something's wrong: no file:///d%3A/Coding/scala_vscode/Programming_in_Scala/chapter3/ch3_note.scala in Array[String]RangePosition(file:///d%3A/Coding/scala_vscode/Programming_in_Scala/chapter3/ch3_note.scala, 2179, 2179, 2192)
something's wrong: no file:///d%3A/Coding/scala_vscode/Programming_in_Scala/chapter3/ch3_note.scala in Array[String]RangePosition(file:///d%3A/Coding/scala_vscode/Programming_in_Scala/chapter3/ch3_note.scala, 2179, 2179, 2192)
something's wrong: no file:///d%3A/Coding/scala_vscode/Programming_in_Scala/chapter3/ch3_note.scala in Array[String]RangePosition(file:///d%3A/Coding/scala_vscode/Programming_in_Scala/chapter3/ch3_note.scala, 2179, 2179, 2192)
something's wrong: no file:///d%3A/Coding/scala_vscode/Programming_in_Scala/chapter3/ch3_note.scala in Array[<error>]RangePosition(file:///d%3A/Coding/scala_vscode/Programming_in_Scala/chapter3/ch3_note.scala, 2272, 2272, 2287)
something's wrong: no file:///d%3A/Coding/scala_vscode/Programming_in_Scala/chapter3/ch3_note.scala in Array[<error>]RangePosition(file:///d%3A/Coding/scala_vscode/Programming_in_Scala/chapter3/ch3_note.scala, 2272, 2272, 2280)
something's wrong: no file:///d%3A/Coding/scala_vscode/Programming_in_Scala/chapter3/ch3_note.scala in Array[<error>]RangePosition(file:///d%3A/Coding/scala_vscode/Programming_in_Scala/chapter3/ch3_note.scala, 2272, 2272, 2281)
something's wrong: no file:///d%3A/Coding/scala_vscode/Programming_in_Scala/chapter3/ch3_note.scala in Array[String]RangePosition(file:///d%3A/Coding/scala_vscode/Programming_in_Scala/chapter3/ch3_note.scala, 2272, 2272, 2285)
something's wrong: no file:///d%3A/Coding/scala_vscode/Programming_in_Scala/chapter3/ch3_note.scala in Array[String]RangePosition(file:///d%3A/Coding/scala_vscode/Programming_in_Scala/chapter3/ch3_note.scala, 2272, 2272, 2287)
something's wrong: no file:///d%3A/Coding/scala_vscode/Programming_in_Scala/chapter3/ch3_note.scala in Array[String]RangePosition(file:///d%3A/Coding/scala_vscode/Programming_in_Scala/chapter3/ch3_note.scala, 2272, 2272, 2285)
something's wrong: no file:///d%3A/Coding/scala_vscode/Programming_in_Scala/chapter3/ch3_note.scala in Array[String]RangePosition(file:///d%3A/Coding/scala_vscode/Programming_in_Scala/chapter3/ch3_note.scala, 2272, 2272, 2285)
something's wrong: no file:///d%3A/Coding/scala_vscode/Programming_in_Scala/chapter3/ch3_note.scala in Array[String]RangePosition(file:///d%3A/Coding/scala_vscode/Programming_in_Scala/chapter3/ch3_note.scala, 2272, 2272, 2285)
something's wrong: no file:///d%3A/Coding/scala_vscode/Programming_in_Scala/chapter3/ch3_note.scala in Array[<error>]RangePosition(file:///d%3A/Coding/scala_vscode/Programming_in_Scala/chapter3/ch3_note.scala, 2387, 2387, 2402)
something's wrong: no file:///d%3A/Coding/scala_vscode/Programming_in_Scala/chapter3/ch3_note.scala in Array[<error>]RangePosition(file:///d%3A/Coding/scala_vscode/Programming_in_Scala/chapter3/ch3_note.scala, 2387, 2387, 2396)
something's wrong: no file:///d%3A/Coding/scala_vscode/Programming_in_Scala/chapter3/ch3_note.scala in Array[<error>]RangePosition(file:///d%3A/Coding/scala_vscode/Programming_in_Scala/chapter3/ch3_note.scala, 2387, 2387, 2397)
something's wrong: no file:///d%3A/Coding/scala_vscode/Programming_in_Scala/chapter3/ch3_note.scala in Array[String]RangePosition(file:///d%3A/Coding/scala_vscode/Programming_in_Scala/chapter3/ch3_note.scala, 2387, 2387, 2400)
something's wrong: no file:///d%3A/Coding/scala_vscode/Programming_in_Scala/chapter3/ch3_note.scala in Array[String]RangePosition(file:///d%3A/Coding/scala_vscode/Programming_in_Scala/chapter3/ch3_note.scala, 2387, 2387, 2400)
something's wrong: no file:///d%3A/Coding/scala_vscode/Programming_in_Scala/chapter3/ch3_note.scala in Array[String]RangePosition(file:///d%3A/Coding/scala_vscode/Programming_in_Scala/chapter3/ch3_note.scala, 2387, 2387, 2400)
12杉 14, 2019 7:03:26 神板 org.eclipse.lsp4j.jsonrpc.services.GenericEndpoint notify
舛左: Unsupported notification method: $/setTraceNotification
12杉 14, 2019 7:04:36 神板 org.eclipse.lsp4j.jsonrpc.services.GenericEndpoint notify
舛左: Unsupported notification method: $/setTraceNotification
WARN  no build target: D:\Coding\scala_vscode\Programming_in_Scala\chapter3\ch3_note.scala
12杉 14, 2019 7:07:27 神板 org.eclipse.lsp4j.jsonrpc.services.GenericEndpoint notify
舛左: Unsupported notification method: $/setTraceNotification
12杉 14, 2019 7:12:05 神板 org.eclipse.lsp4j.jsonrpc.services.GenericEndpoint notify
舛左: Unsupported notification method: $/setTraceNotification
WARN  no build tool detected in workspace 'D:\Coding\scala_vscode'. The most common cause for this problem is that the editor was opened in the wrong working directory, for example if you use sbt then the workspace directory should contain build.sbt. 
WARN  no build tool detected in workspace 'D:\Coding\scala_vscode'. The most common cause for this problem is that the editor was opened in the wrong working directory, for example if you use sbt then the workspace directory should contain build.sbt. 
WARN  no build tool detected in workspace 'D:\Coding\scala_vscode'. The most common cause for this problem is that the editor was opened in the wrong working directory, for example if you use sbt then the workspace directory should contain build.sbt. 
WARN  no build tool detected in workspace 'D:\Coding\scala_vscode'. The most common cause for this problem is that the editor was opened in the wrong working directory, for example if you use sbt then the workspace directory should contain build.sbt. 
WARN  no build tool detected in workspace 'D:\Coding\scala_vscode'. The most common cause for this problem is that the editor was opened in the wrong working directory, for example if you use sbt then the workspace directory should contain build.sbt. 
WARN  no build tool detected in workspace 'D:\Coding\scala_vscode'. The most common cause for this problem is that the editor was opened in the wrong working directory, for example if you use sbt then the workspace directory should contain build.sbt. 
WARN  no build target: D:\Coding\scala_vscode\Programming_in_Scala\chapter3\ch3_note.scala
WARN  no build tool detected in workspace 'D:\Coding\scala_vscode'. The most common cause for this problem is that the editor was opened in the wrong working directory, for example if you use sbt then the workspace directory should contain build.sbt. 
WARN  no build tool detected in workspace 'D:\Coding\scala_vscode'. The most common cause for this problem is that the editor was opened in the wrong working directory, for example if you use sbt then the workspace directory should contain build.sbt. 
INFO  shutting down Metals
INFO  time: initialize in 0.6s
WARN  no build tool detected in workspace 'D:\Coding\scala_vscode'. The most common cause for this problem is that the editor was opened in the wrong working directory, for example if you use sbt then the workspace directory should contain build.sbt. 
WARN  no build target: D:\Coding\scala_vscode\Programming_in_Scala\chapter3\ch3_note.scala
INFO  no build target: using presentation compiler with only scala-library
WARN  no build target: D:\Coding\scala_vscode\Programming_in_Scala\chapter3\countchars1.scala
ERROR scalafmt: D:\Coding\scala_vscode\Programming_in_Scala\chapter3\countchars1.scala:2: error: expected class or object definition
  if(args.length>0){
  ^
WARN  no build tool detected in workspace 'D:\Coding\scala_vscode'. The most common cause for this problem is that the editor was opened in the wrong working directory, for example if you use sbt then the workspace directory should contain build.sbt. 
WARN  no build tool detected in workspace 'D:\Coding\scala_vscode'. The most common cause for this problem is that the editor was opened in the wrong working directory, for example if you use sbt then the workspace directory should contain build.sbt. 
WARN  no build tool detected in workspace 'D:\Coding\scala_vscode'. The most common cause for this problem is that the editor was opened in the wrong working directory, for example if you use sbt then the workspace directory should contain build.sbt. 
WARN  no build tool detected in workspace 'D:\Coding\scala_vscode'. The most common cause for this problem is that the editor was opened in the wrong working directory, for example if you use sbt then the workspace directory should contain build.sbt. 
WARN  no build target: D:\Coding\scala_vscode\Programming_in_Scala\chapter3\countchars1.scala
WARN  no build target: D:\Coding\scala_vscode\Programming_in_Scala\chapter3\ch3_note.scala
WARN  no build target: D:\Coding\scala_vscode\Programming_in_Scala\chapter3\countchars1.scala
WARN  no build target: D:\Coding\scala_vscode\Programming_in_Scala\chapter3\countchars2.scala
WARN  no build target: D:\Coding\scala_vscode\Programming_in_Scala\chapter3\countchars2.scala
WARN  no build tool detected in workspace 'D:\Coding\scala_vscode'. The most common cause for this problem is that the editor was opened in the wrong working directory, for example if you use sbt then the workspace directory should contain build.sbt. 
WARN  no build tool detected in workspace 'D:\Coding\scala_vscode'. The most common cause for this problem is that the editor was opened in the wrong working directory, for example if you use sbt then the workspace directory should contain build.sbt. 
WARN  no build target: D:\Coding\scala_vscode\Programming_in_Scala\chapter3\countchars1.scala
WARN  no build tool detected in workspace 'D:\Coding\scala_vscode'. The most common cause for this problem is that the editor was opened in the wrong working directory, for example if you use sbt then the workspace directory should contain build.sbt. 
WARN  no build tool detected in workspace 'D:\Coding\scala_vscode'. The most common cause for this problem is that the editor was opened in the wrong working directory, for example if you use sbt then the workspace directory should contain build.sbt. 
WARN  no build target: D:\Coding\scala_vscode\Programming_in_Scala\chapter3\countchars1.scala
INFO  shutting down Metals
